Saturday, March 20, 2004 12:50:55 PM

	Administrative privileged user logged on.

	Parsing template defltwk.inf.

----Configuration engine was initialized successfully.----



----Reading Configuration Template info...





----Configure User Rights...

	Configure S-1-5-32-546.

		remove SeInteractiveLogonRight.

	Configure S-1-5-19.

		add SeAuditPrivilege.

		add SeIncreaseQuotaPrivilege.

		add SeAssignPrimaryTokenPrivilege.

	Configure S-1-5-20.

		add SeAuditPrivilege.

		add SeIncreaseQuotaPrivilege.

		add SeAssignPrimaryTokenPrivilege.

	Configure S-1-5-32-544.

		add SeChangeNotifyPrivilege.

		add SeUndockPrivilege.

		add SeManageVolumePrivilege.

		add SeRemoteInteractiveLogonRight.

	Configure S-1-5-32-551.

		add SeNetworkLogonRight.

		add SeChangeNotifyPrivilege.

	Configure S-1-5-32-547.

		add SeChangeNotifyPrivilege.

		add SeUndockPrivilege.

		remove SeRemoteShutdownPrivilege.

		remove SeIncreaseBasePriorityPrivilege.

		remove SeRemoteInteractiveLogonRight.

	Configure S-1-5-32-545.

		add SeNetworkLogonRight.

		add SeChangeNotifyPrivilege.

		add SeUndockPrivilege.

	Configure S-1-1-0.

		remove SeInteractiveLogonRight.

		remove SeShutdownPrivilege.

		remove SeRemoteInteractiveLogonRight.

	Configure S-1-5-21-1085031214-507921405-854245398-501.

		add SeInteractiveLogonRight.

		add SeDenyNetworkLogonRight.

		add SeDenyInteractiveLogonRight.

	Configure S-1-5-32-555.

		add SeRemoteInteractiveLogonRight.



	User Rights configuration was completed successfully.





----Configure Group Membership...

	Configure Users.

		add INTERACTIVE.

		add Authenticated Users.



	Group Membership configuration was completed successfully.





----Configure Registry Keys...

	Configure users\.default.

	Configure users\.default\AppEvents.

	Configure users\.default\Console.

	Configure users\.default\Control Panel.

	Configure users\.default\Environment.

	Configure users\.default\Keyboard Layout.

	Configure users\.default\UNICODE Program Groups.

	Configure users\.default\software.

	Configure users\.default\software\Policies.

	Configure users\.default\software\microsoft.

	Configure users\.default\software\microsoft\Clock.

	Configure users\.default\software\microsoft\Command Processor.

	Configure users\.default\software\microsoft\CTF.

	Configure users\.default\software\microsoft\File Manager.

	Configure users\.default\software\microsoft\Internet Explorer.

	Configure users\.default\software\microsoft\Multimedia.

	Configure users\.default\software\microsoft\Ntbackup.

	Configure users\.default\software\microsoft\RegEdt32.

	Configure users\.default\software\microsoft\Schedule+.

	Configure users\.default\software\microsoft\Windows.

	Configure users\.default\software\microsoft\Windows Help.

	Configure users\.default\software\microsoft\Windows NT.

	Configure users\.default\software\microsoft\netdde.

	Configure users\.default\software\microsoft\netdde\DDE Trusted Shares.

	Configure users\.default\software\microsoft\systemcertificates.

	Configure users\.default\software\microsoft\systemcertificates\CA.

	Configure users\.default\software\microsoft\systemcertificates\Disallowed.

	Configure users\.default\software\microsoft\systemcertificates\My.

	Configure users\.default\software\microsoft\systemcertificates\trust.

	Configure users\.default\software\microsoft\systemcertificates\root.

	Configure users\.default\software\microsoft\systemcertificates\root\Certificates.

	Configure users\.default\software\microsoft\systemcertificates\root\CRLs.

	Configure users\.default\software\microsoft\systemcertificates\root\CTLs.

	Configure machine\software.

	Configure machine\software\Clients.

	Configure machine\software\ODBC.

	Configure machine\software\Program Groups.

	Configure machine\software\Secure.

	Configure machine\software\classes.

	Configure machine\software\classes\*.

	Configure machine\software\classes\.acw.

	Configure machine\software\classes\.ani.

	Configure machine\software\classes\.avi.

	Configure machine\software\classes\.bat.

	Configure machine\software\classes\.bfc.

	Configure machine\software\classes\.bkf.

	Configure machine\software\classes\.blg.

	Configure machine\software\classes\.cat.

	Configure machine\software\classes\.cer.

	Configure machine\software\classes\.clp.

	Configure machine\software\classes\.cmd.

	Configure machine\software\classes\.com.

	Configure machine\software\classes\.cpl.

	Configure machine\software\classes\.crl.

	Configure machine\software\classes\.crt.

	Configure machine\software\classes\.cur.

	Configure machine\software\classes\.der.

	Configure machine\software\classes\.dll.

	Configure machine\software\classes\.doc.

	Configure machine\software\classes\.drv.

	Configure machine\software\classes\.dun.

	Configure machine\software\classes\.exe.

	Configure machine\software\classes\.fnd.

	Configure machine\software\classes\.fon.

	Configure machine\software\classes\.grp.

	Configure machine\software\classes\.icc.

	Configure machine\software\classes\.icm.

	Configure machine\software\classes\.ico.

	Configure machine\software\classes\.inf.

	Configure machine\software\classes\.ini.

	Configure machine\software\classes\.job.

	Configure machine\software\classes\.lnk.

	Configure machine\software\classes\.log.

	Configure machine\software\classes\.mid.

	Configure machine\software\classes\.mmm.

	Configure machine\software\classes\.msc.

	Configure machine\software\classes\.msi.

	Configure machine\software\classes\.msp.

	Configure machine\software\classes\.MsRcIncident.

	Configure machine\software\classes\.otf.

	Configure machine\software\classes\.p10.

	Configure machine\software\classes\.p12.

	Configure machine\software\classes\.p7b.

	Configure machine\software\classes\.p7m.

	Configure machine\software\classes\.p7r.

	Configure machine\software\classes\.p7s.

	Configure machine\software\classes\.pbk.

	Configure machine\software\classes\.pfm.

	Configure machine\software\classes\.pfx.

	Configure machine\software\classes\.pif.

	Configure machine\software\classes\.pko.

	Configure machine\software\classes\.pma.

	Configure machine\software\classes\.pmc.

	Configure machine\software\classes\.pml.

	Configure machine\software\classes\.pmr.

	Configure machine\software\classes\.pmw.

	Configure machine\software\classes\.pnf.

	Configure machine\software\classes\.psw.

	Configure machine\software\classes\.que.

	Configure machine\software\classes\.reg.

	Configure machine\software\classes\.rnk.

	Configure machine\software\classes\.rtf.

	Configure machine\software\classes\.scf.

	Configure machine\software\classes\.scp.

	Configure machine\software\classes\.scr.

	Configure machine\software\classes\.sdb.

	Configure machine\software\classes\.shb.

	Configure machine\software\classes\.shs.

	Configure machine\software\classes\.spc.

	Configure machine\software\classes\.sst.

	Configure machine\software\classes\.stl.

	Configure machine\software\classes\.sys.

	Configure machine\software\classes\.ttc.

	Configure machine\software\classes\.ttf.

	Configure machine\software\classes\.txt.

	Configure machine\software\classes\.wav.

	Configure machine\software\classes\.webpnp.

	Configure machine\software\classes\.wtx.

	Configure machine\software\classes\.zap.

	Configure machine\software\classes\AccessControlEntry.

	Configure machine\software\classes\AccessControlList.

	Configure machine\software\classes\acwfile.

	Configure machine\software\classes\ADCS.

	Configure machine\software\classes\ADs.

	Configure machine\software\classes\ADsDSOObject.

	Configure machine\software\classes\ADsNamespaces.

	Configure machine\software\classes\ADsSecurityUtility.

	Configure machine\software\classes\ADSystemInfo.

	Configure machine\software\classes\anifile.

	Configure machine\software\classes\appfixfile.

	Configure machine\software\classes\AppID.

	Configure machine\software\classes\Applications.

	Configure machine\software\classes\ATL.Registrar.

	Configure machine\software\classes\AVIFile.

	Configure machine\software\classes\BackLink.

	Configure machine\software\classes\batfile.

	Configure machine\software\classes\Briefcase.

	Configure machine\software\classes\CaseIgnoreList.

	Configure machine\software\classes\CATFile.

	Configure machine\software\classes\CEnroll.CEnroll.

	Configure machine\software\classes\CEnroll.CEnroll.1.

	Configure machine\software\classes\CEnroll.CEnroll.2.

	Configure machine\software\classes\CERFile.

	Configure machine\software\classes\CertificateStoreFile.

	Configure machine\software\classes\CLSID.

	Configure machine\software\classes\cmdfile.

	Configure machine\software\classes\comfile.

	Configure machine\software\classes\cplfile.

	Configure machine\software\classes\CRLFile.

	Configure machine\software\classes\CryptPKO.CryptPKO.

	Configure machine\software\classes\CryptPKO.CryptPKO.1.

	Configure machine\software\classes\CryptSig.CryptSig.

	Configure machine\software\classes\CryptSig.CryptSig.1.

	Configure machine\software\classes\curfile.

	Configure machine\software\classes\Direct3DRM.

	Configure machine\software\classes\DirectDraw.

	Configure machine\software\classes\DirectDraw7.

	Configure machine\software\classes\DirectDrawClipper.

	Configure machine\software\classes\Directory.

	Configure machine\software\classes\DirectPlay.

	Configure machine\software\classes\DirectPlayLobby.

	Configure machine\software\classes\DirectShow.

	Configure machine\software\classes\DirectSound.

	Configure machine\software\classes\DirectSound8.

	Configure machine\software\classes\DirectSoundBufferConfig.

	Configure machine\software\classes\DirectSoundCapture.

	Configure machine\software\classes\DirectSoundCapture8.

	Configure machine\software\classes\DirectSoundChorusDMO.

	Configure machine\software\classes\DirectSoundCompressorDMO.

	Configure machine\software\classes\DirectSoundDistortionDMO.

	Configure machine\software\classes\DirectSoundEchoDMO.

	Configure machine\software\classes\DirectSoundFlangerDMO.

	Configure machine\software\classes\DirectSoundFullDuplex.

	Configure machine\software\classes\DirectSoundFXChorusPage.

	Configure machine\software\classes\DirectSoundFXCompressorPage.

	Configure machine\software\classes\DirectSoundFXDistortionPage.

	Configure machine\software\classes\DirectSoundFXEchoPage.

	Configure machine\software\classes\DirectSoundFXFlangerPage.

	Configure machine\software\classes\DirectSoundFXGarglePage.

	Configure machine\software\classes\DirectSoundFXI3DL2ReverbPage.

	Configure machine\software\classes\DirectSoundFXParamEqPage.

	Configure machine\software\classes\DirectSoundGargleDMO.

	Configure machine\software\classes\DirectSoundI3DL2ReverbDMO.

	Configure machine\software\classes\DirectSoundParamEqDMO.

	Configure machine\software\classes\DirectXFile.

	Configure machine\software\classes\DiskManagement.Connection.

	Configure machine\software\classes\DiskManagement.Control.

	Configure machine\software\classes\DiskManagement.DataObject.

	Configure machine\software\classes\DiskManagement.SnapIn.

	Configure machine\software\classes\DiskManagement.SnapInAbout.

	Configure machine\software\classes\DiskManagement.SnapInComponent.

	Configure machine\software\classes\DiskManagement.SnapInExtension.

	Configure machine\software\classes\DiskManagement.UITasks.

	Configure machine\software\classes\dllfile.

	Configure machine\software\classes\DNWithBinary.

	Configure machine\software\classes\DNWithString.

	Configure machine\software\classes\DocShortcut.

	Configure machine\software\classes\Drive.

	Configure machine\software\classes\drvfile.

	Configure machine\software\classes\dunfile.

	Configure machine\software\classes\Email.

	Configure machine\software\classes\exefile.

	Configure machine\software\classes\FaxNumber.

	Configure machine\software\classes\file.

	Configure machine\software\classes\fndfile.

	Configure machine\software\classes\Folder.

	Configure machine\software\classes\fonfile.

	Configure machine\software\classes\GC.

	Configure machine\software\classes\hlpfile.

	Configure machine\software\classes\Hold.

	Configure machine\software\classes\icmfile.

	Configure machine\software\classes\icofile.

	Configure machine\software\classes\IMsiServer.

	Configure machine\software\classes\inffile.

	Configure machine\software\classes\inifile.

	Configure machine\software\classes\Interface.

	Configure machine\software\classes\JobObject.

	Configure machine\software\classes\LargeInteger.

	Configure machine\software\classes\LDAP.

	Configure machine\software\classes\LDAPNamespace.

	Configure machine\software\classes\lnkfile.

	Configure machine\software\classes\MDACVer.Version.

	Configure machine\software\classes\MDACVer.Version.2.71.

	Configure machine\software\classes\Microsoft.DirectSoundCaptureAecDMO.

	Configure machine\software\classes\Microsoft.DirectSoundCaptureAgcDMO.

	Configure machine\software\classes\Microsoft.DirectSoundCaptureNoiseSuppressDMO.

	Configure machine\software\classes\MIDFile.

	Configure machine\software\classes\MIME.

	Configure machine\software\classes\MPlayer.

	Configure machine\software\classes\msbackupfile.

	Configure machine\software\classes\MSCFile.

	Configure machine\software\classes\MSExtGroup.

	Configure machine\software\classes\MSExtLocality.

	Configure machine\software\classes\MSExtOrganization.

	Configure machine\software\classes\MSExtOrganizationUnit.

	Configure machine\software\classes\MSExtPrintQueue.

	Configure machine\software\classes\MSExtUser.

	Configure machine\software\classes\Msi.Package.

	Configure machine\software\classes\Msi.Patch.

	Configure machine\software\classes\MSMQ.MSMQApplication.

	Configure machine\software\classes\MSMQ.MSMQApplication.1.

	Configure machine\software\classes\MSMQ.MSMQCoordinatedTransactionDispenser.

	Configure machine\software\classes\MSMQ.MSMQCoordinatedTransactionDispenser.1.

	Configure machine\software\classes\MSMQ.MSMQDestination.

	Configure machine\software\classes\MSMQ.MSMQDestination.1.

	Configure machine\software\classes\MSMQ.MSMQEvent.

	Configure machine\software\classes\MSMQ.MSMQEvent.1.

	Configure machine\software\classes\MSMQ.MSMQManagement.

	Configure machine\software\classes\MSMQ.MSMQManagement.1.

	Configure machine\software\classes\MSMQ.MSMQMessage.

	Configure machine\software\classes\MSMQ.MSMQMessage.1.

	Configure machine\software\classes\MSMQ.MSMQQuery.

	Configure machine\software\classes\MSMQ.MSMQQuery.1.

	Configure machine\software\classes\MSMQ.MSMQQueue.

	Configure machine\software\classes\MSMQ.MSMQQueue.1.

	Configure machine\software\classes\MSMQ.MSMQQueueInfo.

	Configure machine\software\classes\MSMQ.MSMQQueueInfo.1.

	Configure machine\software\classes\MSMQ.MSMQQueueInfos.

	Configure machine\software\classes\MSMQ.MSMQQueueInfos.1.

	Configure machine\software\classes\MSMQ.MSMQTransaction.

	Configure machine\software\classes\MSMQ.MSMQTransaction.1.

	Configure machine\software\classes\MSMQ.MSMQTransactionDispenser.

	Configure machine\software\classes\MSMQ.MSMQTransactionDispenser.1.

	Configure machine\software\classes\MSProgramGroup.

	Configure machine\software\classes\MsRcIncident.

	Configure machine\software\classes\Msttsdrv.MSVoiceData.

	Configure machine\software\classes\Msttsdrv.MSVoiceData.1.

	Configure machine\software\classes\Msttsdrv.SpTtsEngUI.

	Configure machine\software\classes\Msttsdrv.SpTtsEngUI.1.

	Configure machine\software\classes\MSTTSEng.MSMSTTSEngine.1.

	Configure machine\software\classes\NameTranslate.

	Configure machine\software\classes\NDS.

	Configure machine\software\classes\NDSNamespace.

	Configure machine\software\classes\NetAddress.

	Configure machine\software\classes\Network.

	Configure machine\software\classes\NetworkConnections.

	Configure machine\software\classes\NWCOMPAT.

	Configure machine\software\classes\NWCOMPATNamespace.

	Configure machine\software\classes\OctetList.

	Configure machine\software\classes\otffile.

	Configure machine\software\classes\P10File.

	Configure machine\software\classes\P7MFile.

	Configure machine\software\classes\P7RFile.

	Configure machine\software\classes\P7SFile.

	Configure machine\software\classes\Path.

	Configure machine\software\classes\Pathname.

	Configure machine\software\classes\pbkfile.

	Configure machine\software\classes\PerfFile.

	Configure machine\software\classes\pfmfile.

	Configure machine\software\classes\PFXFile.

	Configure machine\software\classes\piffile.

	Configure machine\software\classes\PKOFile.

	Configure machine\software\classes\pnffile.

	Configure machine\software\classes\PostalAddress.

	Configure machine\software\classes\Printers.

	Configure machine\software\classes\PropertyEntry.

	Configure machine\software\classes\PropertyValue.

	Configure machine\software\classes\PSWFile.

	Configure machine\software\classes\QueueObject.

	Configure machine\software\classes\regedit.

	Configure machine\software\classes\regfile.

	Configure machine\software\classes\ReplicaPointer.

	Configure machine\software\classes\rnkfile.

	Configure machine\software\classes\SAPI.LTSLexicon.

	Configure machine\software\classes\SAPI.LTSLexicon.1.

	Configure machine\software\classes\SAPI.SpAudioFormat.

	Configure machine\software\classes\SAPI.SpAudioFormat.1.

	Configure machine\software\classes\SAPI.SpCompressedLexicon.

	Configure machine\software\classes\SAPI.SpCompressedLexicon.1.

	Configure machine\software\classes\SAPI.SpCustomStream.

	Configure machine\software\classes\SAPI.SpCustomStream.1.

	Configure machine\software\classes\SAPI.SpDataKey.

	Configure machine\software\classes\SAPI.SpDataKey.1.

	Configure machine\software\classes\SAPI.SpFileStream.

	Configure machine\software\classes\SAPI.SpFileStream.1.

	Configure machine\software\classes\SAPI.SpGramCompBackEnd.

	Configure machine\software\classes\SAPI.SpGramCompBackEnd.1.

	Configure machine\software\classes\SAPI.SpGrammarCompiler.

	Configure machine\software\classes\SAPI.SpGrammarCompiler.1.

	Configure machine\software\classes\SAPI.SpInProcRecoContext.

	Configure machine\software\classes\SAPI.SpInProcRecoContext.1.

	Configure machine\software\classes\SAPI.SpInprocRecognizer.

	Configure machine\software\classes\SAPI.SpInprocRecognizer.1.

	Configure machine\software\classes\SAPI.SpITNProcessor.

	Configure machine\software\classes\SAPI.SpITNProcessor.1.

	Configure machine\software\classes\SAPI.SpLexicon.

	Configure machine\software\classes\SAPI.SpLexicon.1.

	Configure machine\software\classes\SAPI.SpMemoryStream.

	Configure machine\software\classes\SAPI.SpMemoryStream.1.

	Configure machine\software\classes\SAPI.SpMMAudioEnum.

	Configure machine\software\classes\SAPI.SpMMAudioEnum.1.

	Configure machine\software\classes\SAPI.SpMMAudioIn.

	Configure machine\software\classes\SAPI.SpMMAudioIn.1.

	Configure machine\software\classes\SAPI.SpMMAudioOut.

	Configure machine\software\classes\SAPI.SpMMAudioOut.1.

	Configure machine\software\classes\SAPI.SPNotify.1.

	Configure machine\software\classes\SAPI.SpNotifyTranslator.

	Configure machine\software\classes\SAPI.SpNotifyTranslator.1.

	Configure machine\software\classes\SAPI.SpNullPhoneConverter.

	Configure machine\software\classes\SAPI.SpNullPhoneConverter.1.

	Configure machine\software\classes\SAPI.SpObjectToken.

	Configure machine\software\classes\SAPI.SpObjectToken.1.

	Configure machine\software\classes\SAPI.SpObjectTokenCategory.

	Configure machine\software\classes\SAPI.SpObjectTokenCategory.1.

	Configure machine\software\classes\SAPI.SpObjectTokenEnum.

	Configure machine\software\classes\SAPI.SpObjectTokenEnum.1.

	Configure machine\software\classes\SAPI.SpPhoneConverter.

	Configure machine\software\classes\SAPI.SpPhoneConverter.1.

	Configure machine\software\classes\SAPI.SpPhrase.1.

	Configure machine\software\classes\SAPI.SpPhraseBuilder.

	Configure machine\software\classes\SAPI.SpPhraseBuilder.1.

	Configure machine\software\classes\SAPI.SpPhraseInfoBuilder.

	Configure machine\software\classes\SAPI.SpPhraseInfoBuilder.1.

	Configure machine\software\classes\SAPI.SpRecPlayAudio.

	Configure machine\software\classes\SAPI.SpRecPlayAudio.1.

	Configure machine\software\classes\SAPI.SpResourceManager.

	Configure machine\software\classes\SAPI.SpResourceManager.1.

	Configure machine\software\classes\SAPI.SpSharedRecoContext.

	Configure machine\software\classes\SAPI.SpSharedRecoContext.1.

	Configure machine\software\classes\SAPI.SpSharedRecognizer.

	Configure machine\software\classes\SAPI.SpSharedRecognizer.1.

	Configure machine\software\classes\SAPI.SpStream.

	Configure machine\software\classes\SAPI.SpStream.1.

	Configure machine\software\classes\SAPI.SpStreamFormatConverter.

	Configure machine\software\classes\SAPI.SpStreamFormatConverter.1.

	Configure machine\software\classes\SAPI.SpTextSelectionInformation.

	Configure machine\software\classes\SAPI.SpTextSelectionInformation.1.

	Configure machine\software\classes\SAPI.SpUncompressedLexicon.

	Configure machine\software\classes\SAPI.SpUncompressedLexicon.1.

	Configure machine\software\classes\SAPI.SpVoice.

	Configure machine\software\classes\SAPI.SpVoice.1.

	Configure machine\software\classes\SAPI.SpWaveFormatEx.

	Configure machine\software\classes\SAPI.SpWaveFormatEx.1.

	Configure machine\software\classes\scrfile.

	Configure machine\software\classes\SecurityDescriptor.

	Configure machine\software\classes\SHCmdFile.

	Configure machine\software\classes\Shell.

	Configure machine\software\classes\ShellScrap.

	Configure machine\software\classes\SoundRec.

	Configure machine\software\classes\SPCFile.

	Configure machine\software\classes\StaticDib.

	Configure machine\software\classes\StaticEnhancedMetafile.

	Configure machine\software\classes\StaticMetafile.

	Configure machine\software\classes\STLFile.

	Configure machine\software\classes\sysfile.

	Configure machine\software\classes\System.DirectSoundCaptureAecDMO.

	Configure machine\software\classes\System.DirectSoundCaptureAgcDMO.

	Configure machine\software\classes\System.DirectSoundCaptureNsDMO.

	Configure machine\software\classes\SystemFileAssociations.

	Configure machine\software\classes\TimeStamp.

	Configure machine\software\classes\TlntSvr.EnumTelnetClientsSvr.

	Configure machine\software\classes\ttcfile.

	Configure machine\software\classes\ttffile.

	Configure machine\software\classes\txtfile.

	Configure machine\software\classes\TypedName.

	Configure machine\software\classes\TypeLib.

	Configure machine\software\classes\Unknown.

	Configure machine\software\classes\webpnpFile.

	Configure machine\software\classes\WindowsInstaller.Installer.

	Configure machine\software\classes\WindowsInstaller.Message.

	Configure machine\software\classes\WinNT.

	Configure machine\software\classes\WinNTNamespace.

	Configure machine\software\classes\WinNTSystemInfo.

	Configure machine\software\classes\zapfile.

	Configure machine\software\classes\.hlp.

	Configure machine\software\classes\helpfile.

	Configure machine\software\classes\helpfile\shell.

	Configure machine\software\microsoft.

	Configure machine\software\microsoft\Active Setup.

	Configure machine\software\microsoft\AudioCompressionManager.

	Configure machine\software\microsoft\CTF.

	Configure machine\software\microsoft\DataAccess.

	Configure machine\software\microsoft\DeviceManager.

	Configure machine\software\microsoft\Direct3D.

	Configure machine\software\microsoft\DirectDraw.

	Configure machine\software\microsoft\DirectInput.

	Configure machine\software\microsoft\DirectMusic.

	Configure machine\software\microsoft\DirectPlay.

	Configure machine\software\microsoft\DirectX.

	Configure machine\software\microsoft\DrWatson.

	Configure machine\software\microsoft\EAPOL.

	Configure machine\software\microsoft\ESENT.

	Configure machine\software\microsoft\EventSystem.

	Configure machine\software\microsoft\Internet Explorer.

	Configure machine\software\microsoft\MMC.

	Configure machine\software\microsoft\Mobile.

	Configure machine\software\microsoft\Mr. Enigma.

	Configure machine\software\microsoft\MSMQ.

	Configure machine\software\microsoft\NetSh.

	Configure machine\software\microsoft\PCHealth.

	Configure machine\software\microsoft\Shared Tools.

	Configure machine\software\microsoft\Speech.

	Configure machine\software\microsoft\Tracing.

	Configure machine\software\microsoft\WBEM.

	Configure machine\software\microsoft\Windows Messaging Subsystem.

	Configure machine\software\microsoft\Windows Scripting Host.

	Configure machine\software\microsoft\ads.

	Configure machine\software\microsoft\ads\providers.

	Configure machine\software\microsoft\ads\providers\ldap.

	Configure machine\software\microsoft\ads\providers\ldap\extensions.

	Configure machine\software\microsoft\ads\providers\ldap\extensions\Computer.

	Configure machine\software\microsoft\ads\providers\ldap\extensions\Group.

	Configure machine\software\microsoft\ads\providers\ldap\extensions\groupOfNames.

	Configure machine\software\microsoft\ads\providers\ldap\extensions\groupOfUniqueNames.

	Configure machine\software\microsoft\ads\providers\ldap\extensions\Locality.

	Configure machine\software\microsoft\ads\providers\ldap\extensions\Organization.

	Configure machine\software\microsoft\ads\providers\ldap\extensions\Organizational Unit.

	Configure machine\software\microsoft\ads\providers\ldap\extensions\organizationalPerson.

	Configure machine\software\microsoft\ads\providers\ldap\extensions\OrganizationalUnit.

	Configure machine\software\microsoft\ads\providers\ldap\extensions\person.

	Configure machine\software\microsoft\ads\providers\ldap\extensions\PrintQueue.

	Configure machine\software\microsoft\ads\providers\ldap\extensions\residentialPerson.

	Configure machine\software\microsoft\ads\providers\ldap\extensions\User.

	Configure machine\software\microsoft\ads\providers\nds.

	Configure machine\software\microsoft\ads\providers\nwcompat.

	Configure machine\software\microsoft\ads\providers\winnt.

	Configure machine\software\microsoft\command processor.

	Configure machine\software\microsoft\cryptography.

	Configure machine\software\microsoft\cryptography\CatalogDB.

	Configure machine\software\microsoft\cryptography\Defaults.

	Configure machine\software\microsoft\cryptography\IEDirtyFlags.

	Configure machine\software\microsoft\cryptography\Machine Settings.

	Configure machine\software\microsoft\cryptography\OID.

	Configure machine\software\microsoft\cryptography\Protect.

	Configure machine\software\microsoft\cryptography\Providers.

	Configure machine\software\microsoft\cryptography\RNG.

	Configure machine\software\microsoft\cryptography\Services.

	Configure machine\software\microsoft\cryptography\calais.

	Configure machine\software\microsoft\driver signing.

	Configure machine\software\microsoft\enterprisecertificates.

	Configure machine\software\microsoft\enterprisecertificates\CA.

	Configure machine\software\microsoft\enterprisecertificates\Disallowed.

	Configure machine\software\microsoft\enterprisecertificates\Root.

	Configure machine\software\microsoft\enterprisecertificates\Trust.

	Configure machine\software\microsoft\enterprisecertificates\TrustedPublisher.

	Configure machine\software\microsoft\netdde.

	Configure machine\software\microsoft\netdde\DDE Shares.

	Configure machine\software\microsoft\netdde\Parameters.

	Configure machine\software\microsoft\non-driver signing.

	Configure machine\software\microsoft\ole.

	Configure machine\software\microsoft\rpc.

	Configure machine\software\microsoft\rpc\ClientProtocols.

	Configure machine\software\microsoft\rpc\NameService.

	Configure machine\software\microsoft\rpc\NetBios.

	Configure machine\software\microsoft\rpc\SecurityService.

	Configure machine\software\microsoft\secure.

	Configure machine\software\microsoft\systemcertificates.

	Configure machine\software\microsoft\systemcertificates\AuthRoot.

	Configure machine\software\microsoft\systemcertificates\CA.

	Configure machine\software\microsoft\systemcertificates\Disallowed.

	Configure machine\software\microsoft\systemcertificates\My.

	Configure machine\software\microsoft\systemcertificates\ROOT.

	Configure machine\software\microsoft\systemcertificates\SPC.

	Configure machine\software\microsoft\systemcertificates\trust.

	Configure machine\software\microsoft\windows.

	Configure machine\software\microsoft\windows\currentversion.

	Configure machine\software\microsoft\windows\currentversion\App Paths.

	Configure machine\software\microsoft\windows\currentversion\Applets.

	Configure machine\software\microsoft\windows\currentversion\Control Panel.

	Configure machine\software\microsoft\windows\currentversion\Controls Folder.

	Configure machine\software\microsoft\windows\currentversion\CSCSettings.

	Configure machine\software\microsoft\windows\currentversion\Dynamic Directory.

	Configure machine\software\microsoft\windows\currentversion\H323TSP.

	Configure machine\software\microsoft\windows\currentversion\Internet Settings.

	Configure machine\software\microsoft\windows\currentversion\IPConfTSP.

	Configure machine\software\microsoft\windows\currentversion\MS-DOS Emulation.

	Configure machine\software\microsoft\windows\currentversion\Nls.

	Configure machine\software\microsoft\windows\currentversion\RenameFiles.

	Configure machine\software\microsoft\windows\currentversion\Setup.

	Configure machine\software\microsoft\windows\currentversion\Shell Extensions.

	Configure machine\software\microsoft\windows\currentversion\ShellScrap.

	Configure machine\software\microsoft\windows\currentversion\SideBySide.

	Configure machine\software\microsoft\windows\currentversion\Syncmgr.

	Configure machine\software\microsoft\windows\currentversion\Uninstall.

	Configure machine\software\microsoft\windows\currentversion\explorer.

	Configure machine\software\microsoft\windows\currentversion\explorer\Advanced.

	Configure machine\software\microsoft\windows\currentversion\explorer\AutoplayHandlers.

	Configure machine\software\microsoft\windows\currentversion\explorer\CD Burning.

	Configure machine\software\microsoft\windows\currentversion\explorer\ControlPanel.

	Configure machine\software\microsoft\windows\currentversion\explorer\Desktop.

	Configure machine\software\microsoft\windows\currentversion\explorer\FindExtensions.

	Configure machine\software\microsoft\windows\currentversion\explorer\HideDesktopIcons.

	Configure machine\software\microsoft\windows\currentversion\explorer\MyComputer.

	Configure machine\software\microsoft\windows\currentversion\explorer\RemoteComputer.

	Configure machine\software\microsoft\windows\currentversion\explorer\Shell Folders.

	Configure machine\software\microsoft\windows\currentversion\explorer\ShellExecuteHooks.

	Configure machine\software\microsoft\windows\currentversion\explorer\TemplateRegistry.

	Configure machine\software\microsoft\windows\currentversion\explorer\Tips.

	Configure machine\software\microsoft\windows\currentversion\explorer\VolumeCaches.

	Configure machine\software\microsoft\windows\currentversion\explorer\WindowsUpdate.

	Configure machine\software\microsoft\windows\currentversion\explorer\user shell folders.

	Configure machine\software\microsoft\windows\currentversion\reliability.

	Configure machine\software\microsoft\windows\currentversion\runonce.

	Configure machine\software\microsoft\windows\currentversion\runonceex.

	Configure machine\software\microsoft\windows\currentversion\telephony.

	Configure machine\software\microsoft\windows\currentversion\telephony\Country List.

	Configure machine\software\microsoft\windows\currentversion\telephony\Locations.

	Configure machine\software\microsoft\windows\currentversion\telephony\Providers.

	Configure machine\software\microsoft\windows\currentversion\telephony\TAPI3.

	Configure machine\software\microsoft\windows\currentversion\telephony\Terminal Manager.

	Configure machine\software\microsoft\windows nt.

	Configure machine\software\microsoft\windows nt\currentversion.

	Configure machine\software\microsoft\windows nt\currentversion\Compatibility.

	Configure machine\software\microsoft\windows nt\currentversion\Compatibility32.

	Configure machine\software\microsoft\windows nt\currentversion\Console.

	Configure machine\software\microsoft\windows nt\currentversion\Drivers.

	Configure machine\software\microsoft\windows nt\currentversion\drivers.desc.

	Configure machine\software\microsoft\windows nt\currentversion\Embedding.

	Configure machine\software\microsoft\windows nt\currentversion\Event Viewer.

	Configure machine\software\microsoft\windows nt\currentversion\File Manager.

	Configure machine\software\microsoft\windows nt\currentversion\FontDPI.

	Configure machine\software\microsoft\windows nt\currentversion\Fonts.

	Configure machine\software\microsoft\windows nt\currentversion\FontSubstitutes.

	Configure machine\software\microsoft\windows nt\currentversion\GRE_Initialize.

	Configure machine\software\microsoft\windows nt\currentversion\HotFix.

	Configure machine\software\microsoft\windows nt\currentversion\IME Compatibility.

	Configure machine\software\microsoft\windows nt\currentversion\IMM.

	Configure machine\software\microsoft\windows nt\currentversion\LanguagePack.

	Configure machine\software\microsoft\windows nt\currentversion\LastFontSweep.

	Configure machine\software\microsoft\windows nt\currentversion\MCI.

	Configure machine\software\microsoft\windows nt\currentversion\MCI Extensions.

	Configure machine\software\microsoft\windows nt\currentversion\MCI32.

	Configure machine\software\microsoft\windows nt\currentversion\Midimap.

	Configure machine\software\microsoft\windows nt\currentversion\ModuleCompatibility.

	Configure machine\software\microsoft\windows nt\currentversion\Network.

	Configure machine\software\microsoft\windows nt\currentversion\PerHwIdStorage.

	Configure machine\software\microsoft\windows nt\currentversion\Ports.

	Configure machine\software\microsoft\windows nt\currentversion\related.desc.

	Configure machine\software\microsoft\windows nt\currentversion\Terminal Server.

	Configure machine\software\microsoft\windows nt\currentversion\Tracing.

	Configure machine\software\microsoft\windows nt\currentversion\Type 1 Installer.

	Configure machine\software\microsoft\windows nt\currentversion\Userinstallable.drivers.

	Configure machine\software\microsoft\windows nt\currentversion\WOW.

	Configure machine\software\microsoft\windows nt\currentversion\accessibility.

	Configure machine\software\microsoft\windows nt\currentversion\accessibility\Utility Manager.

	Configure machine\software\microsoft\windows nt\currentversion\aedebug.

	Configure machine\software\microsoft\windows nt\currentversion\asr.

	Configure machine\software\microsoft\windows nt\currentversion\asr\commands.

	Configure machine\software\microsoft\windows nt\currentversion\classes.

	Configure machine\software\microsoft\windows nt\currentversion\classes\NameSpace.

	Configure machine\software\microsoft\windows nt\currentversion\drivers32.

	Configure machine\software\microsoft\windows nt\currentversion\efs.

	Configure machine\software\microsoft\windows nt\currentversion\font drivers.

	Configure machine\software\microsoft\windows nt\currentversion\fontmapper.

	Configure machine\software\microsoft\windows nt\currentversion\image file execution options.

	Configure machine\software\microsoft\windows nt\currentversion\image file execution options\cqw32.exe.

	Configure machine\software\microsoft\windows nt\currentversion\image file execution options\front.exe.

	Configure machine\software\microsoft\windows nt\currentversion\image file execution options\install.exe.

	Configure machine\software\microsoft\windows nt\currentversion\image file execution options\mngreg32.exe.

	Configure machine\software\microsoft\windows nt\currentversion\image file execution options\psdmt.exe.

	Configure machine\software\microsoft\windows nt\currentversion\image file execution options\setup.exe.

	Configure machine\software\microsoft\windows nt\currentversion\image file execution options\setup32.dll.

	Configure machine\software\microsoft\windows nt\currentversion\image file execution options\sevinst.exe.

	Configure machine\software\microsoft\windows nt\currentversion\image file execution options\Your Image File Name Here without a path.

	Configure machine\software\microsoft\windows nt\currentversion\image file execution options\_INSTPGM.EXE.

	Configure machine\software\microsoft\windows nt\currentversion\inifilemapping.

	Configure machine\software\microsoft\windows nt\currentversion\inifilemapping\Clock.ini.

	Configure machine\software\microsoft\windows nt\currentversion\inifilemapping\control.ini.

	Configure machine\software\microsoft\windows nt\currentversion\inifilemapping\ImageFileExecutionOptions.ini.

	Configure machine\software\microsoft\windows nt\currentversion\inifilemapping\KeyboardLayout.ini.

	Configure machine\software\microsoft\windows nt\currentversion\inifilemapping\msacm.ini.

	Configure machine\software\microsoft\windows nt\currentversion\inifilemapping\Ntbackup.ini.

	Configure machine\software\microsoft\windows nt\currentversion\inifilemapping\ntnet.ini.

	Configure machine\software\microsoft\windows nt\currentversion\inifilemapping\regedt32.ini.

	Configure machine\software\microsoft\windows nt\currentversion\inifilemapping\schdpl32.ini.

	Configure machine\software\microsoft\windows nt\currentversion\inifilemapping\system.ini.

	Configure machine\software\microsoft\windows nt\currentversion\inifilemapping\win.ini.

	Configure machine\software\microsoft\windows nt\currentversion\inifilemapping\winfile.ini.

	Configure machine\software\microsoft\windows nt\currentversion\perflib.

	Configure machine\software\microsoft\windows nt\currentversion\profilelist.

	Configure machine\software\microsoft\windows nt\currentversion\secedit.

	Configure machine\software\microsoft\windows nt\currentversion\setup.

	Configure machine\software\microsoft\windows nt\currentversion\setup\recoveryconsole.

	Configure machine\software\microsoft\windows nt\currentversion\svchost.

	Configure machine\software\microsoft\windows nt\currentversion\svchost\LocalService.

	Configure machine\software\microsoft\windows nt\currentversion\svchost\netsvcs.

	Configure machine\software\microsoft\windows nt\currentversion\time zones.

	Configure machine\software\microsoft\windows nt\currentversion\time zones\Afghanistan Standard Time.

	Configure machine\software\microsoft\windows nt\currentversion\time zones\Alaskan Standard Time.

	Configure machine\software\microsoft\windows nt\currentversion\time zones\Arab Standard Time.

	Configure machine\software\microsoft\windows nt\currentversion\time zones\Arabian Standard Time.

	Configure machine\software\microsoft\windows nt\currentversion\time zones\Arabic Standard Time.

	Configure machine\software\microsoft\windows nt\currentversion\time zones\Atlantic Standard Time.

	Configure machine\software\microsoft\windows nt\currentversion\time zones\AUS Central Standard Time.

	Configure machine\software\microsoft\windows nt\currentversion\time zones\AUS Eastern Standard Time.

	Configure machine\software\microsoft\windows nt\currentversion\time zones\Azores Standard Time.

	Configure machine\software\microsoft\windows nt\currentversion\time zones\Canada Central Standard Time.

	Configure machine\software\microsoft\windows nt\currentversion\time zones\Cape Verde Standard Time.

	Configure machine\software\microsoft\windows nt\currentversion\time zones\Caucasus Standard Time.

	Configure machine\software\microsoft\windows nt\currentversion\time zones\Cen. Australia Standard Time.

	Configure machine\software\microsoft\windows nt\currentversion\time zones\Central America Standard Time.

	Configure machine\software\microsoft\windows nt\currentversion\time zones\Central Asia Standard Time.

	Configure machine\software\microsoft\windows nt\currentversion\time zones\Central Europe Standard Time.

	Configure machine\software\microsoft\windows nt\currentversion\time zones\Central European Standard Time.

	Configure machine\software\microsoft\windows nt\currentversion\time zones\Central Pacific Standard Time.

	Configure machine\software\microsoft\windows nt\currentversion\time zones\Central Standard Time.

	Configure machine\software\microsoft\windows nt\currentversion\time zones\China Standard Time.

	Configure machine\software\microsoft\windows nt\currentversion\time zones\Dateline Standard Time.

	Configure machine\software\microsoft\windows nt\currentversion\time zones\E. Africa Standard Time.

	Configure machine\software\microsoft\windows nt\currentversion\time zones\E. Australia Standard Time.

	Configure machine\software\microsoft\windows nt\currentversion\time zones\E. Europe Standard Time.

	Configure machine\software\microsoft\windows nt\currentversion\time zones\E. South America Standard Time.

	Configure machine\software\microsoft\windows nt\currentversion\time zones\Eastern Standard Time.

	Configure machine\software\microsoft\windows nt\currentversion\time zones\Egypt Standard Time.

	Configure machine\software\microsoft\windows nt\currentversion\time zones\Ekaterinburg Standard Time.

	Configure machine\software\microsoft\windows nt\currentversion\time zones\Fiji Standard Time.

	Configure machine\software\microsoft\windows nt\currentversion\time zones\FLE Standard Time.

	Configure machine\software\microsoft\windows nt\currentversion\time zones\GMT Standard Time.

	Configure machine\software\microsoft\windows nt\currentversion\time zones\Greenland Standard Time.

	Configure machine\software\microsoft\windows nt\currentversion\time zones\Greenwich Standard Time.

	Configure machine\software\microsoft\windows nt\currentversion\time zones\GTB Standard Time.

	Configure machine\software\microsoft\windows nt\currentversion\time zones\Hawaiian Standard Time.

	Configure machine\software\microsoft\windows nt\currentversion\time zones\India Standard Time.

	Configure machine\software\microsoft\windows nt\currentversion\time zones\Iran Standard Time.

	Configure machine\software\microsoft\windows nt\currentversion\time zones\Israel Standard Time.

	Configure machine\software\microsoft\windows nt\currentversion\time zones\Korea Standard Time.

	Configure machine\software\microsoft\windows nt\currentversion\time zones\Mexico Standard Time.

	Configure machine\software\microsoft\windows nt\currentversion\time zones\Mexico Standard Time 2.

	Configure machine\software\microsoft\windows nt\currentversion\time zones\Mid-Atlantic Standard Time.

	Configure machine\software\microsoft\windows nt\currentversion\time zones\Mountain Standard Time.

	Configure machine\software\microsoft\windows nt\currentversion\time zones\Myanmar Standard Time.

	Configure machine\software\microsoft\windows nt\currentversion\time zones\N. Central Asia Standard Time.

	Configure machine\software\microsoft\windows nt\currentversion\time zones\Nepal Standard Time.

	Configure machine\software\microsoft\windows nt\currentversion\time zones\New Zealand Standard Time.

	Configure machine\software\microsoft\windows nt\currentversion\time zones\Newfoundland Standard Time.

	Configure machine\software\microsoft\windows nt\currentversion\time zones\North Asia East Standard Time.

	Configure machine\software\microsoft\windows nt\currentversion\time zones\North Asia Standard Time.

	Configure machine\software\microsoft\windows nt\currentversion\time zones\Pacific SA Standard Time.

	Configure machine\software\microsoft\windows nt\currentversion\time zones\Pacific Standard Time.

	Configure machine\software\microsoft\windows nt\currentversion\time zones\Romance Standard Time.

	Configure machine\software\microsoft\windows nt\currentversion\time zones\Russian Standard Time.

	Configure machine\software\microsoft\windows nt\currentversion\time zones\SA Eastern Standard Time.

	Configure machine\software\microsoft\windows nt\currentversion\time zones\SA Pacific Standard Time.

	Configure machine\software\microsoft\windows nt\currentversion\time zones\SA Western Standard Time.

	Configure machine\software\microsoft\windows nt\currentversion\time zones\Samoa Standard Time.

	Configure machine\software\microsoft\windows nt\currentversion\time zones\SE Asia Standard Time.

	Configure machine\software\microsoft\windows nt\currentversion\time zones\Singapore Standard Time.

	Configure machine\software\microsoft\windows nt\currentversion\time zones\South Africa Standard Time.

	Configure machine\software\microsoft\windows nt\currentversion\time zones\Sri Lanka Standard Time.

	Configure machine\software\microsoft\windows nt\currentversion\time zones\Taipei Standard Time.

	Configure machine\software\microsoft\windows nt\currentversion\time zones\Tasmania Standard Time.

	Configure machine\software\microsoft\windows nt\currentversion\time zones\Tokyo Standard Time.

	Configure machine\software\microsoft\windows nt\currentversion\time zones\Tonga Standard Time.

	Configure machine\software\microsoft\windows nt\currentversion\time zones\US Eastern Standard Time.

	Configure machine\software\microsoft\windows nt\currentversion\time zones\US Mountain Standard Time.

	Configure machine\software\microsoft\windows nt\currentversion\time zones\Vladivostok Standard Time.

	Configure machine\software\microsoft\windows nt\currentversion\time zones\W. Australia Standard Time.

	Configure machine\software\microsoft\windows nt\currentversion\time zones\W. Central Africa Standard Time.

	Configure machine\software\microsoft\windows nt\currentversion\time zones\W. Europe Standard Time.

	Configure machine\software\microsoft\windows nt\currentversion\time zones\West Asia Standard Time.

	Configure machine\software\microsoft\windows nt\currentversion\time zones\West Pacific Standard Time.

	Configure machine\software\microsoft\windows nt\currentversion\time zones\Yakutsk Standard Time.

	Configure machine\software\microsoft\windows nt\currentversion\windows.

	Configure machine\software\microsoft\windows nt\currentversion\winlogon.

	Configure machine\software\microsoft\windows nt\currentversion\winlogon\GPExtensions.

	Configure machine\software\microsoft\windows nt\currentversion\winlogon\Notify.

	Configure machine\software\policies.

	Configure machine\software\policies\Microsoft.

	Configure machine\system.

	Configure machine\system\MountedDevices.

	Configure machine\system\Select.

	Configure machine\system\Setup.

	Configure machine\system\WPA.

	Configure machine\system\currentcontrolset.

	Configure machine\system\currentcontrolset\control.

	Configure machine\system\currentcontrolset\control\AGP.

	Configure machine\system\currentcontrolset\control\Arbiters.

	Configure machine\system\currentcontrolset\control\BackupRestore.

	Configure machine\system\currentcontrolset\control\Biosinfo.

	Configure machine\system\currentcontrolset\control\BootVerificationProgram.

	Configure machine\system\currentcontrolset\control\CoDeviceInstallers.

	Configure machine\system\currentcontrolset\control\COM Name Arbiter.

	Configure machine\system\currentcontrolset\control\ComputerName.

	Configure machine\system\currentcontrolset\control\ContentIndex.

	Configure machine\system\currentcontrolset\control\CrashControl.

	Configure machine\system\currentcontrolset\control\CriticalDeviceDatabase.

	Configure machine\system\currentcontrolset\control\DeviceClasses.

	Configure machine\system\currentcontrolset\control\FileSystem.

	Configure machine\system\currentcontrolset\control\GraphicsDrivers.

	Configure machine\system\currentcontrolset\control\GroupOrderList.

	Configure machine\system\currentcontrolset\control\HAL.

	Configure machine\system\currentcontrolset\control\IDConfigDB.

	Configure machine\system\currentcontrolset\control\Lsa.

	Configure machine\system\currentcontrolset\control\MediaProperties.

	Configure machine\system\currentcontrolset\control\MediaResources.

	Configure machine\system\currentcontrolset\control\NetworkProvider.

	Configure machine\system\currentcontrolset\control\Nls.

	Configure machine\system\currentcontrolset\control\NTMS.

	Configure machine\system\currentcontrolset\control\PnP.

	Configure machine\system\currentcontrolset\control\Print.

	Configure machine\system\currentcontrolset\control\PriorityControl.

	Configure machine\system\currentcontrolset\control\ProductOptions.

	Configure machine\system\currentcontrolset\control\SafeBoot.

	Configure machine\system\currentcontrolset\control\ScsiPort.

	Configure machine\system\currentcontrolset\control\SecurityProviders.

	Configure machine\system\currentcontrolset\control\ServiceGroupOrder.

	Configure machine\system\currentcontrolset\control\Setup.

	Configure machine\system\currentcontrolset\control\StillImage.

	Configure machine\system\currentcontrolset\control\SystemResources.

	Configure machine\system\currentcontrolset\control\Terminal Server.

	Configure machine\system\currentcontrolset\control\Update.

	Configure machine\system\currentcontrolset\control\UsbFlags.

	Configure machine\system\currentcontrolset\control\Video.

	Configure machine\system\currentcontrolset\control\VirtualDeviceDrivers.

	Configure machine\system\currentcontrolset\control\Watchdog.

	Configure machine\system\currentcontrolset\control\Windows.

	Configure machine\system\currentcontrolset\control\WOW.

	Configure machine\system\currentcontrolset\control\hivelist.

	Configure machine\system\currentcontrolset\control\ServiceCurrent.

	Configure machine\system\currentcontrolset\control\class.

	Configure machine\system\currentcontrolset\control\keyboard layout.

	Configure machine\system\currentcontrolset\control\keyboard layout\DosKeybCodes.

	Configure machine\system\currentcontrolset\control\keyboard layout\DosKeybIDs.

	Configure machine\system\currentcontrolset\control\keyboard layouts.

	Configure machine\system\currentcontrolset\control\keyboard layouts\00000402.

	Configure machine\system\currentcontrolset\control\keyboard layouts\00000405.

	Configure machine\system\currentcontrolset\control\keyboard layouts\00000406.

	Configure machine\system\currentcontrolset\control\keyboard layouts\00000407.

	Configure machine\system\currentcontrolset\control\keyboard layouts\00000408.

	Configure machine\system\currentcontrolset\control\keyboard layouts\00000409.

	Configure machine\system\currentcontrolset\control\keyboard layouts\0000040a.

	Configure machine\system\currentcontrolset\control\keyboard layouts\0000040b.

	Configure machine\system\currentcontrolset\control\keyboard layouts\0000040c.

	Configure machine\system\currentcontrolset\control\keyboard layouts\0000040e.

	Configure machine\system\currentcontrolset\control\keyboard layouts\0000040f.

	Configure machine\system\currentcontrolset\control\keyboard layouts\00000410.

	Configure machine\system\currentcontrolset\control\keyboard layouts\00000413.

	Configure machine\system\currentcontrolset\control\keyboard layouts\00000414.

	Configure machine\system\currentcontrolset\control\keyboard layouts\00000415.

	Configure machine\system\currentcontrolset\control\keyboard layouts\00000416.

	Configure machine\system\currentcontrolset\control\keyboard layouts\00000418.

	Configure machine\system\currentcontrolset\control\keyboard layouts\00000419.

	Configure machine\system\currentcontrolset\control\keyboard layouts\0000041A.

	Configure machine\system\currentcontrolset\control\keyboard layouts\0000041b.

	Configure machine\system\currentcontrolset\control\keyboard layouts\0000041c.

	Configure machine\system\currentcontrolset\control\keyboard layouts\0000041d.

	Configure machine\system\currentcontrolset\control\keyboard layouts\0000041f.

	Configure machine\system\currentcontrolset\control\keyboard layouts\00000422.

	Configure machine\system\currentcontrolset\control\keyboard layouts\00000423.

	Configure machine\system\currentcontrolset\control\keyboard layouts\00000424.

	Configure machine\system\currentcontrolset\control\keyboard layouts\00000425.

	Configure machine\system\currentcontrolset\control\keyboard layouts\00000426.

	Configure machine\system\currentcontrolset\control\keyboard layouts\00000427.

	Configure machine\system\currentcontrolset\control\keyboard layouts\0000042c.

	Configure machine\system\currentcontrolset\control\keyboard layouts\0000042f.

	Configure machine\system\currentcontrolset\control\keyboard layouts\00000438.

	Configure machine\system\currentcontrolset\control\keyboard layouts\0000043f.

	Configure machine\system\currentcontrolset\control\keyboard layouts\00000440.

	Configure machine\system\currentcontrolset\control\keyboard layouts\00000444.

	Configure machine\system\currentcontrolset\control\keyboard layouts\00000450.

	Configure machine\system\currentcontrolset\control\keyboard layouts\00000807.

	Configure machine\system\currentcontrolset\control\keyboard layouts\00000809.

	Configure machine\system\currentcontrolset\control\keyboard layouts\0000080a.

	Configure machine\system\currentcontrolset\control\keyboard layouts\0000080c.

	Configure machine\system\currentcontrolset\control\keyboard layouts\00000813.

	Configure machine\system\currentcontrolset\control\keyboard layouts\00000816.

	Configure machine\system\currentcontrolset\control\keyboard layouts\0000081a.

	Configure machine\system\currentcontrolset\control\keyboard layouts\0000082c.

	Configure machine\system\currentcontrolset\control\keyboard layouts\00000843.

	Configure machine\system\currentcontrolset\control\keyboard layouts\00000c0c.

	Configure machine\system\currentcontrolset\control\keyboard layouts\00000c1a.

	Configure machine\system\currentcontrolset\control\keyboard layouts\00001009.

	Configure machine\system\currentcontrolset\control\keyboard layouts\0000100c.

	Configure machine\system\currentcontrolset\control\keyboard layouts\00001809.

	Configure machine\system\currentcontrolset\control\keyboard layouts\00010402.

	Configure machine\system\currentcontrolset\control\keyboard layouts\00010405.

	Configure machine\system\currentcontrolset\control\keyboard layouts\00010407.

	Configure machine\system\currentcontrolset\control\keyboard layouts\00010408.

	Configure machine\system\currentcontrolset\control\keyboard layouts\00010409.

	Configure machine\system\currentcontrolset\control\keyboard layouts\0001040a.

	Configure machine\system\currentcontrolset\control\keyboard layouts\0001040e.

	Configure machine\system\currentcontrolset\control\keyboard layouts\00010410.

	Configure machine\system\currentcontrolset\control\keyboard layouts\00010415.

	Configure machine\system\currentcontrolset\control\keyboard layouts\00010416.

	Configure machine\system\currentcontrolset\control\keyboard layouts\00010419.

	Configure machine\system\currentcontrolset\control\keyboard layouts\0001041b.

	Configure machine\system\currentcontrolset\control\keyboard layouts\0001041f.

	Configure machine\system\currentcontrolset\control\keyboard layouts\00010426.

	Configure machine\system\currentcontrolset\control\keyboard layouts\00010427.

	Configure machine\system\currentcontrolset\control\keyboard layouts\0001080c.

	Configure machine\system\currentcontrolset\control\keyboard layouts\00011009.

	Configure machine\system\currentcontrolset\control\keyboard layouts\00011809.

	Configure machine\system\currentcontrolset\control\keyboard layouts\00020405.

	Configure machine\system\currentcontrolset\control\keyboard layouts\00020408.

	Configure machine\system\currentcontrolset\control\keyboard layouts\00020409.

	Configure machine\system\currentcontrolset\control\keyboard layouts\00030408.

	Configure machine\system\currentcontrolset\control\keyboard layouts\00030409.

	Configure machine\system\currentcontrolset\control\keyboard layouts\00040408.

	Configure machine\system\currentcontrolset\control\keyboard layouts\00040409.

	Configure machine\system\currentcontrolset\control\keyboard layouts\00050408.

	Configure machine\system\currentcontrolset\control\keyboard layouts\00060408.

	Configure machine\system\currentcontrolset\control\network.

	Configure machine\system\currentcontrolset\control\network\Connections.

	Configure machine\system\currentcontrolset\control\network\{4D36E972-E325-11CE-BFC1-08002BE10318}.

	Configure machine\system\currentcontrolset\control\network\{4D36E973-E325-11CE-BFC1-08002BE10318}.

	Configure machine\system\currentcontrolset\control\network\{4D36E974-E325-11CE-BFC1-08002BE10318}.

	Configure machine\system\currentcontrolset\control\network\{4D36E975-E325-11CE-BFC1-08002BE10318}.

	Configure machine\system\currentcontrolset\control\securepipeservers.

	Configure machine\system\currentcontrolset\control\securepipeservers\winreg.

	Configure machine\system\currentcontrolset\control\securepipeservers\winreg\AllowedPaths.

	Configure machine\system\currentcontrolset\control\session manager.

	Configure machine\system\currentcontrolset\control\session manager\AppPatches.

	Configure machine\system\currentcontrolset\control\session manager\DOS Devices.

	Configure machine\system\currentcontrolset\control\session manager\Environment.

	Configure machine\system\currentcontrolset\control\session manager\FileRenameOperations.

	Configure machine\system\currentcontrolset\control\session manager\KnownDLLs.

	Configure machine\system\currentcontrolset\control\session manager\Memory Management.

	Configure machine\system\currentcontrolset\control\session manager\Power.

	Configure machine\system\currentcontrolset\control\session manager\SubSystems.

	Configure machine\system\currentcontrolset\control\session manager\executive.

	Configure machine\system\currentcontrolset\control\timezoneinformation.

	Configure machine\system\currentcontrolset\control\wmi.

	Configure machine\system\currentcontrolset\control\wmi\security.

	Configure machine\system\currentcontrolset\services.

	Configure machine\system\currentcontrolset\services\Abiosdsk.

	Configure machine\system\currentcontrolset\services\abp480n5.

	Configure machine\system\currentcontrolset\services\ACPI.

	Configure machine\system\currentcontrolset\services\ACPIEC.

	Configure machine\system\currentcontrolset\services\adpu160m.

	Configure machine\system\currentcontrolset\services\Aha154x.

	Configure machine\system\currentcontrolset\services\aic78u2.

	Configure machine\system\currentcontrolset\services\aic78xx.

	Configure machine\system\currentcontrolset\services\AliIde.

	Configure machine\system\currentcontrolset\services\amsint.

	Configure machine\system\currentcontrolset\services\asc.

	Configure machine\system\currentcontrolset\services\asc3350p.

	Configure machine\system\currentcontrolset\services\asc3550.

	Configure machine\system\currentcontrolset\services\atapi.

	Configure machine\system\currentcontrolset\services\Atdisk.

	Configure machine\system\currentcontrolset\services\AudioSrv.

	Configure machine\system\currentcontrolset\services\BattC.

	Configure machine\system\currentcontrolset\services\Beep.

	Configure machine\system\currentcontrolset\services\cbidf2k.

	Configure machine\system\currentcontrolset\services\cd20xrnt.

	Configure machine\system\currentcontrolset\services\Cdaudio.

	Configure machine\system\currentcontrolset\services\Cdfs.

	Configure machine\system\currentcontrolset\services\Cdrom.

	Configure machine\system\currentcontrolset\services\Changer.

	Configure machine\system\currentcontrolset\services\CiSvc.

	Configure machine\system\currentcontrolset\services\CmdIde.

	Configure machine\system\currentcontrolset\services\Cpqarray.

	Configure machine\system\currentcontrolset\services\dac2w2k.

	Configure machine\system\currentcontrolset\services\dac960nt.

	Configure machine\system\currentcontrolset\services\Disk.

	Configure machine\system\currentcontrolset\services\dmadmin.

	Configure machine\system\currentcontrolset\services\dmboot.

	Configure machine\system\currentcontrolset\services\dmio.

	Configure machine\system\currentcontrolset\services\dmload.

	Configure machine\system\currentcontrolset\services\dmserver.

	Configure machine\system\currentcontrolset\services\dpti2o.

	Configure machine\system\currentcontrolset\services\Fastfat.

	Configure machine\system\currentcontrolset\services\Fdc.

	Configure machine\system\currentcontrolset\services\Fips.

	Configure machine\system\currentcontrolset\services\Flpydisk.

	Configure machine\system\currentcontrolset\services\Fs_Rec.

	Configure machine\system\currentcontrolset\services\Ftdisk.

	Configure machine\system\currentcontrolset\services\HidServ.

	Configure machine\system\currentcontrolset\services\hpn.

	Configure machine\system\currentcontrolset\services\i2omgmt.

	Configure machine\system\currentcontrolset\services\i2omp.

	Configure machine\system\currentcontrolset\services\i8042prt.

	Configure machine\system\currentcontrolset\services\Imapi.

	Configure machine\system\currentcontrolset\services\ini910u.

	Configure machine\system\currentcontrolset\services\Inport.

	Configure machine\system\currentcontrolset\services\IntelIde.

	Configure machine\system\currentcontrolset\services\isapnp.

	Configure machine\system\currentcontrolset\services\Kbdclass.

	Configure machine\system\currentcontrolset\services\KSecDD.

	Configure machine\system\currentcontrolset\services\lbrtfdc.

	Configure machine\system\currentcontrolset\services\mnmdd.

	Configure machine\system\currentcontrolset\services\Modem.

	Configure machine\system\currentcontrolset\services\Mouclass.

	Configure machine\system\currentcontrolset\services\MountMgr.

	Configure machine\system\currentcontrolset\services\mraid35x.

	Configure machine\system\currentcontrolset\services\Msfs.

	Configure machine\system\currentcontrolset\services\MSIServer.

	Configure machine\system\currentcontrolset\services\Mup.

	Configure machine\system\currentcontrolset\services\NDIS.

	Configure machine\system\currentcontrolset\services\NDProxy.

	Configure machine\system\currentcontrolset\services\Netlogon.

	Configure machine\system\currentcontrolset\services\Netman.

	Configure machine\system\currentcontrolset\services\Npfs.

	Configure machine\system\currentcontrolset\services\Ntfs.

	Configure machine\system\currentcontrolset\services\Null.

	Configure machine\system\currentcontrolset\services\Parport.

	Configure machine\system\currentcontrolset\services\PartMgr.

	Configure machine\system\currentcontrolset\services\ParVdm.

	Configure machine\system\currentcontrolset\services\PCI.

	Configure machine\system\currentcontrolset\services\PCIDump.

	Configure machine\system\currentcontrolset\services\PCIIde.

	Configure machine\system\currentcontrolset\services\Pcmcia.

	Configure machine\system\currentcontrolset\services\perc2.

	Configure machine\system\currentcontrolset\services\perc2hib.

	Configure machine\system\currentcontrolset\services\PerfDisk.

	Configure machine\system\currentcontrolset\services\PerfNet.

	Configure machine\system\currentcontrolset\services\PerfOS.

	Configure machine\system\currentcontrolset\services\PerfProc.

	Configure machine\system\currentcontrolset\services\PlugPlay.

	Configure machine\system\currentcontrolset\services\ProtectedStorage.

	Configure machine\system\currentcontrolset\services\ql1080.

	Configure machine\system\currentcontrolset\services\Ql10wnt.

	Configure machine\system\currentcontrolset\services\ql12160.

	Configure machine\system\currentcontrolset\services\ql1240.

	Configure machine\system\currentcontrolset\services\ql1280.

	Configure machine\system\currentcontrolset\services\RemoteRegistry.

	Configure machine\system\currentcontrolset\services\seclogon.

	Configure machine\system\currentcontrolset\services\SENS.

	Configure machine\system\currentcontrolset\services\serenum.

	Configure machine\system\currentcontrolset\services\Serial.

	Configure machine\system\currentcontrolset\services\Sfloppy.

	Configure machine\system\currentcontrolset\services\Simbad.

	Configure machine\system\currentcontrolset\services\Sparrow.

	Configure machine\system\currentcontrolset\services\Spooler.

	Configure machine\system\currentcontrolset\services\swenum.

	Configure machine\system\currentcontrolset\services\symc810.

	Configure machine\system\currentcontrolset\services\symc8xx.

	Configure machine\system\currentcontrolset\services\sym_hi.

	Configure machine\system\currentcontrolset\services\sym_u3.

	Configure machine\system\currentcontrolset\services\Tcpip.

	Configure machine\system\currentcontrolset\services\TosIde.

	Configure machine\system\currentcontrolset\services\TrkWks.

	Configure machine\system\currentcontrolset\services\TSDDD.

	Configure machine\system\currentcontrolset\services\Udfs.

	Configure machine\system\currentcontrolset\services\ultra.

	Configure machine\system\currentcontrolset\services\Update.

	Configure machine\system\currentcontrolset\services\UPS.

	Configure machine\system\currentcontrolset\services\usbehci.

	Configure machine\system\currentcontrolset\services\usbhub.

	Configure machine\system\currentcontrolset\services\usbuhci.

	Configure machine\system\currentcontrolset\services\VgaSave.

	Configure machine\system\currentcontrolset\services\ViaIde.

	Configure machine\system\currentcontrolset\services\VolSnap.

	Configure machine\system\currentcontrolset\services\VSS.

	Configure machine\system\currentcontrolset\services\WinSock2.

	Configure machine\system\currentcontrolset\services\WinTrust.

	Configure machine\system\currentcontrolset\services\appmgmt.

	Configure machine\system\currentcontrolset\services\appmgmt\Parameters.

	Configure machine\system\currentcontrolset\services\appmgmt\security.

	Configure machine\system\currentcontrolset\services\clipsrv.

	Configure machine\system\currentcontrolset\services\clipsrv\security.

	Configure machine\system\currentcontrolset\services\cryptsvc.

	Configure machine\system\currentcontrolset\services\cryptsvc\Parameters.

	Configure machine\system\currentcontrolset\services\cryptsvc\Enum.

	Configure machine\system\currentcontrolset\services\cryptsvc\security.

	Configure machine\system\currentcontrolset\services\ersvc.

	Configure machine\system\currentcontrolset\services\ersvc\Parameters.

	Configure machine\system\currentcontrolset\services\ersvc\Enum.

	Configure machine\system\currentcontrolset\services\ersvc\security.

	Configure machine\system\currentcontrolset\services\eventlog.

	Configure machine\system\currentcontrolset\services\eventlog\Application.

	Configure machine\system\currentcontrolset\services\eventlog\System.

	Configure machine\system\currentcontrolset\services\eventlog\security.

	Configure machine\system\currentcontrolset\services\eventlog\security\DS.

	Configure machine\system\currentcontrolset\services\eventlog\security\LSA.

	Configure machine\system\currentcontrolset\services\eventlog\security\NetDDE Object.

	Configure machine\system\currentcontrolset\services\eventlog\security\SC Manager.

	Configure machine\system\currentcontrolset\services\eventlog\security\Security.

	Configure machine\system\currentcontrolset\services\eventlog\security\Security Account Manager.

	Configure machine\system\currentcontrolset\services\eventlog\security\Spooler.

	Configure machine\system\currentcontrolset\services\irenum.

	Configure machine\system\currentcontrolset\services\irenum\security.

	Configure machine\system\currentcontrolset\services\netdde.

	Configure machine\system\currentcontrolset\services\netdde\security.

	Configure machine\system\currentcontrolset\services\netddedsdm.

	Configure machine\system\currentcontrolset\services\netddedsdm\security.

	Configure machine\system\currentcontrolset\services\rpcss.

	Configure machine\system\currentcontrolset\services\rpcss\Parameters.

	Configure machine\system\currentcontrolset\services\rpcss\Enum.

	Configure machine\system\currentcontrolset\services\rpcss\security.

	Configure machine\system\currentcontrolset\services\samss.

	Configure machine\system\currentcontrolset\services\samss\Enum.

	Configure machine\system\currentcontrolset\services\samss\security.

	Configure machine\system\currentcontrolset\services\scarddrv.

	Configure machine\system\currentcontrolset\services\scarddrv\security.

	Configure machine\system\currentcontrolset\services\scardsvr.

	Configure machine\system\currentcontrolset\services\scardsvr\security.

	Configure machine\system\currentcontrolset\services\stisvc.

	Configure machine\system\currentcontrolset\services\stisvc\security.

	Configure machine\system\currentcontrolset\services\sysmonlog.

	Configure machine\system\currentcontrolset\services\sysmonlog\log queries.

	Configure machine\system\currentcontrolset\services\tapisrv.

	Configure machine\system\currentcontrolset\services\tapisrv\Parameters.

	Configure machine\system\currentcontrolset\services\tapisrv\Performance.

	Configure machine\system\currentcontrolset\services\tapisrv\Enum.

	Configure machine\system\currentcontrolset\services\tapisrv\security.

	Configure machine\system\currentcontrolset\services\w32time.

	Configure machine\system\currentcontrolset\services\w32time\Enum.

	Configure machine\system\currentcontrolset\services\w32time\security.

	Configure machine\system\currentcontrolset\services\wmi.

	Configure machine\system\currentcontrolset\services\wmi\Parameters.

	Configure machine\system\currentcontrolset\services\wmi\security.



	Configuration of Registry Keys was completed successfully.





----Configure File Security...

	No acl support on volume C:\.



	File Security configuration was completed successfully.





----Configure Security Policy...

	Configure password information.

	LSA anonymous lookup names setting : existing SD = D:(A;;0xf1fff;;;BA)(A;;0x20801;;;WD)(A;;0x801;;;AN)(A;;0x1000;;;LS)(A;;0x1000;;;NS).

	LSA anonymous lookup names setting : computed SD = D:(D;;0x800;;;AN)(A;;0xf1fff;;;BA)(A;;0x20801;;;WD)(A;;0x801;;;AN)(A;;0x1000;;;LS)(A;;0x1000;;;NS).

	Configure LSA anonymous lookup setting.

	Guest account is disabled.



	System Access configuration was completed successfully.

	Configure log settings.



	Audit/Log configuration was completed successfully.

	Configure machine\software\microsoft\windows nt\currentversion\setup\recoveryconsole\securitylevel.

	Configure machine\software\microsoft\windows nt\currentversion\setup\recoveryconsole\setcommand.

	Configure machine\software\microsoft\windows nt\currentversion\winlogon\allocatecdroms.

	Configure machine\software\microsoft\windows nt\currentversion\winlogon\allocatedasd.

	Configure machine\software\microsoft\windows nt\currentversion\winlogon\allocatefloppies.

	Configure machine\software\microsoft\windows nt\currentversion\winlogon\cachedlogonscount.

	Configure machine\software\microsoft\windows nt\currentversion\winlogon\forceunlocklogon.

	Configure machine\software\microsoft\windows nt\currentversion\winlogon\passwordexpirywarning.

	Configure machine\software\microsoft\windows nt\currentversion\winlogon\scremoveoption.

	Configure machine\software\microsoft\windows\currentversion\policies\system\dontdisplaylastusername.

	Configure machine\software\microsoft\windows\currentversion\policies\system\legalnoticecaption.

	Configure machine\software\microsoft\windows\currentversion\policies\system\legalnoticetext.

	Configure machine\software\microsoft\windows\currentversion\policies\system\shutdownwithoutlogon.

	Configure machine\software\microsoft\windows\currentversion\policies\system\undockwithoutlogon.

	Configure machine\system\currentcontrolset\control\lsa\auditbaseobjects.

	Configure machine\system\currentcontrolset\control\lsa\crashonauditfail.

	Configure machine\system\currentcontrolset\control\lsa\disabledomaincreds.

	Configure machine\system\currentcontrolset\control\lsa\everyoneincludesanonymous.

	Configure machine\system\currentcontrolset\control\lsa\fipsalgorithmpolicy.

	Configure machine\system\currentcontrolset\control\lsa\forceguest.

	Configure machine\system\currentcontrolset\control\lsa\fullprivilegeauditing.

	Configure machine\system\currentcontrolset\control\lsa\limitblankpassworduse.

	Configure machine\system\currentcontrolset\control\lsa\lmcompatibilitylevel.

	Configure machine\system\currentcontrolset\control\lsa\msv1_0\ntlmminclientsec.

	Configure machine\system\currentcontrolset\control\lsa\msv1_0\ntlmminserversec.

	Configure machine\system\currentcontrolset\control\lsa\nodefaultadminowner.

	Configure machine\system\currentcontrolset\control\lsa\nolmhash.

	Configure machine\system\currentcontrolset\control\lsa\restrictanonymous.

	Configure machine\system\currentcontrolset\control\lsa\restrictanonymoussam.

	Configure machine\system\currentcontrolset\control\print\providers\lanman print services\servers\addprinterdrivers.

	Configure machine\system\currentcontrolset\control\session manager\kernel\obcaseinsensitive.

	Configure machine\system\currentcontrolset\control\session manager\memory management\clearpagefileatshutdown.

	Configure machine\system\currentcontrolset\control\session manager\protectionmode.

	Configure machine\system\currentcontrolset\services\lanmanserver\parameters\autodisconnect.

	Configure machine\system\currentcontrolset\services\lanmanserver\parameters\enableforcedlogoff.

	Configure machine\system\currentcontrolset\services\lanmanserver\parameters\enablesecuritysignature.

	Configure machine\system\currentcontrolset\services\lanmanserver\parameters\requiresecuritysignature.

	Configure machine\system\currentcontrolset\services\lanmanworkstation\parameters\enableplaintextpassword.

	Configure machine\system\currentcontrolset\services\lanmanworkstation\parameters\enablesecuritysignature.

	Configure machine\system\currentcontrolset\services\lanmanworkstation\parameters\requiresecuritysignature.

	Configure machine\system\currentcontrolset\services\ldap\ldapclientintegrity.

	Configure machine\system\currentcontrolset\services\netlogon\parameters\disablepasswordchange.

	Configure machine\system\currentcontrolset\services\netlogon\parameters\maximumpasswordage.

	Configure machine\system\currentcontrolset\services\netlogon\parameters\requiresignorseal.

	Configure machine\system\currentcontrolset\services\netlogon\parameters\requirestrongkey.

	Configure machine\system\currentcontrolset\services\netlogon\parameters\sealsecurechannel.

	Configure machine\system\currentcontrolset\services\netlogon\parameters\signsecurechannel.



	Configuration of Registry Values was completed successfully.





----Configure available attachment engines...



	Configuration of attachment engines was completed successfully.





----Un-initialize configuration engine...

-------------------------------------------

Saturday, March 20, 2004 12:59:00 PM

	Administrative privileged user logged on.

	Parsing template C:\WINDOWS\inf\syscomp.inf.

----Configuration engine was initialized successfully.----



----Reading Configuration Template info...





----Configure File Security...



	File Security configuration was completed successfully.





----Un-initialize configuration engine...

