Oct 26 06:00:55 Updated: openssl.i686 0.9.7a-43.14
Oct 26 06:00:56 Updated: seamonkey-nspr.i386 1.0.5-0.1.el4.centos4
Oct 26 06:01:03 Updated: python.i386 2.3.4-14.3
Oct 26 06:01:03 Updated: seamonkey-nss.i386 1.0.5-0.1.el4.centos4
Oct 26 06:01:06 Updated: up2date.i386 4.4.69-25.centos4.7
Oct 26 06:01:09 Updated: openssl-devel.i586 0.9.7a-43.14
Oct 26 06:01:18 Installed: kernel-smp.i686 2.6.9-42.0.3.EL
Oct 26 06:01:19 Updated: openssh.i386 3.9p1-8.RHEL4.17
Oct 26 06:01:20 Updated: gnutls.i386 1.0.20-3.2.3
Oct 26 06:01:20 Updated: openssh-clients.i386 3.9p1-8.RHEL4.17
Oct 26 06:01:21 Updated: up2date-gnome.i386 4.4.69-25.centos4.7
Oct 26 06:01:24 Updated: python-devel.i386 2.3.4-14.3
Oct 26 06:01:24 Updated: gzip.i386 1.3.3-16.rhel4
Oct 26 06:02:09 Updated: kernel-smp-devel.i686 2.6.9-42.0.3.EL
Oct 26 06:02:18 Installed: kernel.i686 2.6.9-42.0.3.EL
Oct 26 06:02:19 Updated: iproute.i386 2.6.9-3.EL4.3.centos4
Oct 26 06:02:20 Updated: hwdata.noarch 0.146.23.EL-1
Oct 26 06:02:27 Updated: tzdata.noarch 2006m-2.el4
Oct 26 06:03:23 Installed: kernel-devel.i686 2.6.9-42.0.3.EL
Oct 26 06:04:26 Updated: kernel-hugemem-devel.i686 2.6.9-42.0.3.EL
Oct 26 06:04:26 Updated: xorg-x11-deprecated-libs-devel.i386 6.8.2-1.EL.13.37.2
Oct 26 06:04:33 Updated: xorg-x11-libs.i386 6.8.2-1.EL.13.37.2
Oct 26 06:04:34 Updated: xorg-x11-Mesa-libGL.i386 6.8.2-1.EL.13.37.2
Oct 26 06:04:34 Updated: xorg-x11-font-utils.i386 6.8.2-1.EL.13.37.2
Oct 26 06:04:48 Updated: seamonkey.i386 1.0.5-0.1.el4.centos4
Oct 26 06:04:48 Updated: xorg-x11-Mesa-libGLU.i386 6.8.2-1.EL.13.37.2
Oct 26 06:04:49 Updated: xorg-x11-xauth.i386 6.8.2-1.EL.13.37.2
Oct 26 06:05:06 Updated: kdelibs.i386 6:3.3.1-6.RHEL4
Oct 26 06:05:08 Updated: devhelp.i386 0.10-0.4.el4
Oct 26 06:05:08 Updated: xorg-x11-xfs.i386 6.8.2-1.EL.13.37.2
Oct 26 06:05:14 Updated: xorg-x11.i386 6.8.2-1.EL.13.37.2
Oct 26 06:05:17 Updated: ImageMagick.i386 6.0.7.1-16
Oct 26 06:05:17 Updated: xorg-x11-deprecated-libs.i386 6.8.2-1.EL.13.37.2
Oct 26 06:05:25 Updated: xorg-x11-devel.i386 6.8.2-1.EL.13.37.2
Oct 26 06:05:30 Updated: firefox.i386 1.5.0.7-0.1.el4.centos4
Oct 26 06:05:30 Updated: xorg-x11-twm.i386 6.8.2-1.EL.13.37.2
Oct 26 06:05:35 Updated: kdelibs-devel.i386 6:3.3.1-6.RHEL4
Oct 26 06:05:35 Updated: xorg-x11-tools.i386 6.8.2-1.EL.13.37.2
Oct 26 06:05:36 Updated: xorg-x11-xdm.i386 6.8.2-1.EL.13.37.2
Oct 26 06:05:41 Updated: thunderbird.i386 1.5.0.7-0.1.el4.centos4
Oct 26 09:17:08 Installed: seamonkey-mail.i386 1.0.5-0.1.el4.centos4
