-------------------------------------------
Wednesday, August 11, 2004 5:14:58 PM
	Administrative privileged user logged on.
	Parsing template defltwk.inf.
----Configuration engine was initialized successfully.----

----Reading Configuration Template info...


----Configure General Service Settings...
	Configure W32Time.
	Configure upnphost.
	Configure TrkWks.
	Configure SSDPSRV.
	Configure Spooler.
	Configure SENS.
	Configure seclogon.
	Configure secdrv.
	Configure Schedule.
	Configure SamSs.
	Configure RSVP.
	Configure RpcSs.
	Configure RemoteRegistry.
	Configure RasMan.
	Configure ProtectedStorage.
	Configure PolicyAgent.
	Configure PlugPlay.
	Configure NtmsSvc.
	Configure Nla.
	Configure Netlogon.
	Configure NetDDEdsdm.
	Configure NetDDE.
	Configure netbt.
	Configure Messenger.
	Configure LmHosts.
	Configure LanmanWorkstation.
	Configure LanmanServer.
	Configure Fax.
	Configure EventSystem.
	Configure Eventlog.
	Configure Dnscache.
	Configure dmserver.
	Configure Dhcp.
	Configure ClipSrv.
	Configure Browser.
	Configure AppMgmt.

	General Service configuration was completed successfully.


----Configure available attachment engines...

	Configuration of attachment engines was completed successfully.


----Un-initialize configuration engine...

Error 0 to remove default settings with option 0.
