This is pdfeTeXk, Version 3.141592-1.21a-2.2 (Web2C 7.5.4) (format=latex 2010.6.24)  28 FEB 2011 00:36
entering extended mode
 file:line:error style messages enabled.
 %&-line parsing enabled.
**paper
(./paper.tex
LaTeX2e <2003/12/01>
Babel <v3.8d> and hyphenation patterns for american, french, german, ngerman, b
ahasa, basque, bulgarian, catalan, croatian, czech, danish, dutch, esperanto, e
stonian, finnish, greek, icelandic, irish, italian, latin, magyar, norsk, polis
h, portuges, romanian, russian, serbian, slovak, slovene, spanish, swedish, tur
kish, ukrainian, nohyphenation, loaded.
(./vldb.cls (/usr/share/texmf/tex/latex/graphics/epsfig.sty
Package: epsfig 1999/02/16 v1.7a (e)psfig emulation (SPQR)

(/usr/share/texmf/tex/latex/graphics/graphicx.sty
Package: graphicx 1999/02/16 v1.0f Enhanced LaTeX Graphics (DPC,SPQR)

(/usr/share/texmf/tex/latex/graphics/keyval.sty
Package: keyval 1999/03/16 v1.13 key=value parser (DPC)
\KV@toks@=\toks14
)
(/usr/share/texmf/tex/latex/graphics/graphics.sty
Package: graphics 2001/07/07 v1.0n Standard LaTeX Graphics (DPC,SPQR)

(/usr/share/texmf/tex/latex/graphics/trig.sty
Package: trig 1999/03/16 v1.09 sin cos tan (DPC)
)
(/usr/share/texmf/tex/latex/graphics/graphics.cfg
File: graphics.cfg 2005/02/03 v1.3 graphics configuration of teTeX/TeXLive
)
Package graphics Info: Driver file: dvips.def on input line 80.

(/usr/share/texmf/tex/latex/graphics/dvips.def
File: dvips.def 1999/02/16 v3.0i Driver-dependant file (DPC,SPQR)
))
\Gin@req@height=\dimen102
\Gin@req@width=\dimen103
)
\epsfxsize=\dimen104
\epsfysize=\dimen105
)
(/usr/share/texmf/tex/latex/amsfonts/amssymb.sty
Package: amssymb 2002/01/22 v2.2d

(/usr/share/texmf/tex/latex/amsfonts/amsfonts.sty
Package: amsfonts 2001/10/25 v2.2f
\@emptytoks=\toks15
\symAMSa=\mathgroup4
\symAMSb=\mathgroup5
LaTeX Font Info:    Overwriting math alphabet `\mathfrak' in version `bold'
(Font)                  U/euf/m/n --> U/euf/b/n on input line 132.
))
(/usr/share/texmf/tex/latex/amsmath/amsmath.sty
Package: amsmath 2000/07/18 v2.13 AMS math features
\@mathmargin=\skip41

For additional information on amsmath, use the `?' option.
(/usr/share/texmf/tex/latex/amsmath/amstext.sty
Package: amstext 2000/06/29 v2.01

(/usr/share/texmf/tex/latex/amsmath/amsgen.sty
File: amsgen.sty 1999/11/30 v2.0
\@emptytoks=\toks16
\ex@=\dimen106
))
(/usr/share/texmf/tex/latex/amsmath/amsbsy.sty
Package: amsbsy 1999/11/29 v1.2d
\pmbraise@=\dimen107
)
(/usr/share/texmf/tex/latex/amsmath/amsopn.sty
Package: amsopn 1999/12/14 v2.01 operator names
)
\inf@bad=\count79
LaTeX Info: Redefining \frac on input line 211.
\uproot@=\count80
\leftroot@=\count81
LaTeX Info: Redefining \overline on input line 307.
\classnum@=\count82
\DOTSCASE@=\count83
LaTeX Info: Redefining \ldots on input line 379.
LaTeX Info: Redefining \dots on input line 382.
LaTeX Info: Redefining \cdots on input line 467.
\Mathstrutbox@=\box26
\strutbox@=\box27
\big@size=\dimen108
LaTeX Font Info:    Redeclaring font encoding OML on input line 567.
LaTeX Font Info:    Redeclaring font encoding OMS on input line 568.
\macc@depth=\count84
\c@MaxMatrixCols=\count85
\dotsspace@=\muskip10
\c@parentequation=\count86
\dspbrk@lvl=\count87
\tag@help=\toks17
\row@=\count88
\column@=\count89
\maxfields@=\count90
\andhelp@=\toks18
\eqnshift@=\dimen109
\alignsep@=\dimen110
\tagshift@=\dimen111
\tagwidth@=\dimen112
\totwidth@=\dimen113
\lineht@=\dimen114
\@envbody=\toks19
\multlinegap=\skip42
\multlinetaggap=\skip43
\mathdisplay@stack=\toks20
LaTeX Info: Redefining \[ on input line 2666.
LaTeX Info: Redefining \] on input line 2667.
)
Document Class 'sig-alternate' <26th. July '05>. Modified by G.K.M. Tobin/Gerry
 Murray
Based in part upon document Style `acmconf' <22 May 89>. Hacked 4/91 by
shivers@cs.cmu.edu, 4/93 by theobald@cs.mcgill.ca
Excerpts were taken from (Journal Style) 'esub2acm.cls'.
****** Bugs/comments/suggestions/technicalities to Gerry Murray -- murray@hq.ac
m.org ******
Questions on the style, SIGS policies, etc. to Adrienne Griscti griscti@acm.org

\footheight=\dimen115
\@maxsep=\dimen116
\@dblmaxsep=\dimen117
\aucount=\count91
\originalaucount=\count92
\auwidth=\dimen118
\auskip=\dimen119
\auskipcount=\count93
\auskip=\dimen120
\allauboxes=\dimen121
\addauthors=\toks21
\addauflag=\count94
\subtitletext=\toks22
\savesection=\count95
\sectioncntr=\count96
\c@figure=\count97
\c@table=\count98
\titleboxnotes=\toks23
\titleboxnoteflag=\count99

LaTeX Warning: You have requested document class `vldb',
               but the document class provides `sig-alternate'.

Document Class: sig-alternate 2005/26/07 - V1.8 - based on acmproc.cls V1.3 <No
v. 30 '99>
(/usr/share/texmf/tex/latex/base/latexsym.sty
Package: latexsym 1998/08/17 v2.2e Standard LaTeX package (lasy symbols)
\symlasy=\mathgroup6
LaTeX Font Info:    Overwriting symbol font `lasy' in version `bold'
(Font)                  U/lasy/m/n --> U/lasy/b/n on input line 47.
)
\@acmtitlebox=\box28
\titlenotecount=\count100
\tntoks=\toks24
\tntokstwo=\toks25
\tntoksthree=\toks26
\tntoksfour=\toks27
\tntoksfive=\toks28
\catcount=\count101
\copyrightnotice=\toks29
\conf=\toks30
\confinfo=\toks31
\c@part=\count102
\c@section=\count103
\c@subsection=\count104
\c@subsubsection=\count105
\c@paragraph=\count106

Using 'Abbrev' bibliography style
\bibindent=\dimen122
\colcntr=\count107
\savebox=\box29
\copyrtyr=\toks32
\acmcopyr=\toks33
\boilerplate=\toks34
\copyrightetc=\toks35
) (/usr/share/texmf/tex/latex/url/url.sty
\Urlmuskip=\muskip11
Package: url 2004/03/15  ver 3.1  Verb mode for urls, etc.
) (./code.sty)
(/usr/share/texmf/tex/latex/tools/xspace.sty
Package: xspace 1997/10/13 v1.06 Space after command names (DPC)
) (./math-cmds.sty
Package: math-cmds 
)
(./math-envs.sty
Package: math-envs 
 (/usr/share/texmf/tex/latex/tools/theorem.sty
Package: theorem 1995/11/23 v2.2c Theorem extension package (FMi)
\theorem@style=\toks36
\theorem@bodyfont=\toks37
\theorempreskipamount=\skip44
\theorempostskipamount=\skip45

(/usr/share/texmf/tex/latex/tools/thp.sty
File: thp.sty 1995/11/23 v2.2c Theorem extension package (FMi)
))
(/usr/share/texmf/tex/latex/tools/thb.sty
File: thb.sty 1995/11/23 v2.2c Theorem extension package (FMi)
)
\c@thm=\count108
) (./inference-rules.sty
Package: inference-rules 
\rulenamewidth=\skip46
)
(/usr/share/texmf/tex/latex/psnfss/times.sty
Package: times 2004/09/15 PSNFSS-v9.2 (SPQR) 
) (./proof.sty
\inferLineSkip=\dimen123
\inferLabelSkip=\dimen124
\@LeftOffset=\dimen125
\@RightOffset=\dimen126
\@SavedLeftOffset=\dimen127
\UpperWidth=\dimen128
\LowerWidth=\dimen129
\LowerHeight=\dimen130
\UpperLeftOffset=\dimen131
\UpperRightOffset=\dimen132
\UpperCenter=\dimen133
\LowerCenter=\dimen134
\UpperAdjust=\dimen135
\RuleAdjust=\dimen136
\LowerAdjust=\dimen137
\RuleWidth=\dimen138
\HLabelAdjust=\dimen139
\VLabelAdjust=\dimen140
\WidthAdjust=\dimen141
\@UpperPart=\box30
\@LowerPart=\box31
\@LabelPart=\box32
\ResultBox=\box33
)
(/usr/share/texmf/tex/latex/tools/verbatim.sty
Package: verbatim 2003/08/22 v1.5q LaTeX2e package for verbatim enhancements
\every@verbatim=\toks38
\verbatim@line=\toks39
\verbatim@in@stream=\read1
)
(/usr/share/texmf/tex/latex/base/alltt.sty
Package: alltt 1997/06/16 v2.0g defines alltt environment
)
(/usr/share/texmf/tex/latex/multirow/multirow.sty
\bigstrutjot=\dimen142
)
(/usr/share/texmf/tex/latex/tools/multicol.sty
Package: multicol 2004/02/14 v1.6e multicolumn formatting (FMi)
\c@tracingmulticols=\count109
\mult@box=\box34
\multicol@leftmargin=\dimen143
\c@unbalance=\count110
\c@collectmore=\count111
\doublecol@number=\count112
\multicoltolerance=\count113
\multicolpretolerance=\count114
\full@width=\dimen144
\page@free=\dimen145
\premulticols=\dimen146
\postmulticols=\dimen147
\multicolsep=\skip47
\multicolbaselineskip=\skip48
\partial@page=\box35
\last@line=\box36
\mult@rightbox=\box37
\mult@grightbox=\box38
\mult@gfirstbox=\box39
\mult@firstbox=\box40
\@tempa=\box41
\@tempa=\box42
\@tempa=\box43
\@tempa=\box44
\@tempa=\box45
\@tempa=\box46
\@tempa=\box47
\@tempa=\box48
\@tempa=\box49
\@tempa=\box50
\@tempa=\box51
\@tempa=\box52
\@tempa=\box53
\@tempa=\box54
\@tempa=\box55
\@tempa=\box56
\@tempa=\box57
\c@columnbadness=\count115
\c@finalcolumnbadness=\count116
\last@try=\dimen148
\multicolovershoot=\dimen149
\multicolundershoot=\dimen150
\mult@nat@firstbox=\box58
\colbreak@box=\box59
) (./definitions.tex)
(./paper.aux)
\openout1 = `paper.aux'.

LaTeX Font Info:    Checking defaults for OML/cmm/m/it on input line 13.
LaTeX Font Info:    ... okay on input line 13.
LaTeX Font Info:    Checking defaults for T1/cmr/m/n on input line 13.
LaTeX Font Info:    ... okay on input line 13.
LaTeX Font Info:    Checking defaults for OT1/cmr/m/n on input line 13.
LaTeX Font Info:    ... okay on input line 13.
LaTeX Font Info:    Checking defaults for OMS/cmsy/m/n on input line 13.
LaTeX Font Info:    ... okay on input line 13.
LaTeX Font Info:    Checking defaults for OMX/cmex/m/n on input line 13.
LaTeX Font Info:    ... okay on input line 13.
LaTeX Font Info:    Checking defaults for U/cmr/m/n on input line 13.
LaTeX Font Info:    ... okay on input line 13.
LaTeX Font Info:    Try loading font information for OT1+ptm on input line 13.
 (/usr/share/texmf/tex/latex/psnfss/ot1ptm.fd
File: ot1ptm.fd 2001/06/04 font definitions for OT1/ptm.
)
LaTeX Font Info:    Try loading font information for U+msa on input line 94.

(/usr/share/texmf/tex/latex/amsfonts/umsa.fd
File: umsa.fd 2002/01/19 v2.2g AMS font definitions
)
LaTeX Font Info:    Try loading font information for U+msb on input line 94.

(/usr/share/texmf/tex/latex/amsfonts/umsb.fd
File: umsb.fd 2002/01/19 v2.2g AMS font definitions
)
LaTeX Font Info:    Try loading font information for U+lasy on input line 94.

(/usr/share/texmf/tex/latex/base/ulasy.fd
File: ulasy.fd 1998/08/17 v2.2e LaTeX symbol font definitions
) (./abstract.tex) (./intro.tex
LaTeX Font Info:    Try loading font information for OT1+pcr on input line 6.

(/usr/share/texmf/tex/latex/psnfss/ot1pcr.fd
File: ot1pcr.fd 2001/06/04 font definitions for OT1/pcr.
)
LaTeX Font Info:    Font shape `OT1/ptm/bx/n' in size <9> not available
(Font)              Font shape `OT1/ptm/b/n' tried instead on input line 21.
 [1


]) (./algo.tex
File: overview.eps Graphic file (type eps)
 <overview.eps>
LaTeX Font Info:    Font shape `OT1/pcr/bx/n' in size <8> not available
(Font)              Font shape `OT1/pcr/b/n' tried instead on input line 124.
LaTeX Font Info:    Font shape `OT1/pcr/bx/n' in size <9> not available
(Font)              Font shape `OT1/pcr/b/n' tried instead on input line 212.

[2]
Underfull \vbox (badness 4859) has occurred while \output is active []


Overfull \hbox (15.86763pt too wide) in paragraph at lines 308--322
\OT1/ptm/m/n/9 nodes and re-places these \OT1/pcr/m/n/9 Learn \OT1/ptm/m/n/9 no
des with these new sub-descriptions.
 []

[3]
File: parse.eps Graphic file (type eps)
 <parse.eps>
File: aggregate.eps Graphic file (type eps)
 <aggregate.eps>
Overfull \hbox (15.71413pt too wide) in paragraph at lines 708--712
[]\OT1/ptm/m/n/9 Description rewrit-ing is based on op-ti-miz-ing an informatio
n-theoretic
 []

File: opts.eps Graphic file (type eps)
<opts.eps>) (./implement.tex [4]
Overfull \hbox (3.20476pt too wide) in paragraph at lines 65--84
\OT1/ptm/m/n/9 To be more pre-cise, we in-stru-ment the im-ple-men-ta-tion of t
he \OT1/pcr/b/n/9 parse
 []


Overfull \hbox (9.60016pt too wide) in paragraph at lines 122--132
[]\OT1/pcr/m/n/8 (Recovered "kim [10/May/2009:18:38:35 ", (1, 26, 1))
 []

) (./experiments.tex [5]
File: scale-uc.eps Graphic file (type eps)
 <scale-uc.eps>
LaTeX Font Info:    Try loading font information for OMS+ptm on input line 860.


(/usr/share/texmf/tex/latex/psnfss/omsptm.fd
File: omsptm.fd 
)
LaTeX Font Info:    Font shape `OMS/ptm/m/n' in size <8> not available
(Font)              Font shape `OMS/cmsy/m/n' tried instead on input line 860.
LaTeX Font Info:    Font shape `OT1/ptm/bx/n' in size <8> not available
(Font)              Font shape `OT1/ptm/b/n' tried instead on input line 870.

Overfull \hbox (3.92787pt too wide) in paragraph at lines 858--889
 [][] 
 []


Overfull \hbox (3.92787pt too wide) in paragraph at lines 895--926
 [][] 
 []


Overfull \hbox (32.13197pt too wide) in paragraph at lines 929--961
\OT1/ptm/m/n/9 show only the re-sults for \OT1/pcr/m/n/9 eventstream.current \O
T1/ptm/m/n/9 and \OT1/pcr/m/n/9 messages.sdb
 []

[6]
Overfull \hbox (3.66301pt too wide) in paragraph at lines 966--974
\OT1/ptm/m/n/9 smaller batch sizes, the sys-tem up-dates de-scrip-tions more fr
e-quently,
 []

File: adc.eps Graphic file (type eps)
<adc.eps>
Overfull \hbox (33.21199pt too wide) in paragraph at lines 1044--1054
\OT1/ptm/m/n/9 are avail-able on the web ($\OT1/pcr/m/n/9 http : / / 202 . 120 
. 38 . 146 / incremental /
 []

) (./related.tex [7]) (./paper.bbl) [8] (./appendix.tex (./review.tex
LaTeX Font Info:    Font shape `OT1/ptm/bx/sc' in size <9> not available
(Font)              Font shape `OT1/ptm/b/sc' tried instead on input line 83.

Underfull \vbox (badness 1527) has occurred while \output is active []

 [9]
Overfull \hbox (1.57515pt too wide) in paragraph at lines 222--232
[]\OT1/ptm/m/sc/9 learnpads \OT1/ptm/m/n/9 as-sumes that the in-put data is a s
e-quence of newline-
 []


Overfull \hbox (2.8806pt too wide) in paragraph at lines 286--295
[]\OT1/ptm/m/n/9 In the \OT1/ptm/m/it/9 for-mat re-fine-ment \OT1/ptm/m/n/9 pha
se, the al-go-rithm uses an information-
 []


Overfull \hbox (1.37743pt too wide) in paragraph at lines 286--295
\OT1/ptm/m/n/9 theoretic scor-ing func-tion to guide the ap-pli-ca-tion of rewr
it-ing rules.
 []

) [10]) [11

] [12] (./paper.aux) ) 
Here is how much of TeX's memory you used:
 2409 strings out of 94501
 26763 string characters out of 1176789
 100928 words of memory out of 1000000
 5480 multiletter control sequences out of 10000+50000
 27047 words of font info for 72 fonts, out of 500000 for 2000
 583 hyphenation exceptions out of 1000
 39i,10n,26p,480b,352s stack positions out of 1500i,500n,5000p,200000b,5000s

Output written on paper.dvi (12 pages, 92444 bytes).
