This is TeX, Version 3.14159 (Web2C 7.3.1) (format=latex 2001.3.9)  23 JAN 2007 21:31
**submission_guidelines.tex
(submission_guidelines.tex
LaTeX2e <1999/12/01> patch level 1
Babel <v3.6Z> and hyphenation patterns for american, french, german, ngerman, n
ohyphenation, loaded.
(/nfs/stak/a1/sharedapps/teTeX-1.0/share/texmf/tex/latex/base/article.cls
Document Class: article 1999/09/10 v1.4a Standard LaTeX document class
(/nfs/stak/a1/sharedapps/teTeX-1.0/share/texmf/tex/latex/base/size10.clo
File: size10.clo 1999/09/10 v1.4a Standard LaTeX file (size option)
)
\c@part=\count79
\c@section=\count80
\c@subsection=\count81
\c@subsubsection=\count82
\c@paragraph=\count83
\c@subparagraph=\count84
\c@figure=\count85
\c@table=\count86
\abovecaptionskip=\skip41
\belowcaptionskip=\skip42
\bibindent=\dimen102
)
(icml2007.sty
Package: icml2007 2007/02/14 v2.0 ICML Conference Style File
 (fancyhdr.sty
\fancy@headwidth=\skip43
\f@ncyO@elh=\skip44
\f@ncyO@erh=\skip45
\f@ncyO@olh=\skip46
\f@ncyO@orh=\skip47
\f@ncyO@elf=\skip48
\f@ncyO@erf=\skip49
\f@ncyO@olf=\skip50
\f@ncyO@orf=\skip51
) (algorithm.sty
Package: algorithm 

Document Style `algorithm' - floating environment
(/nfs/stak/a1/sharedapps/teTeX-1.0/share/texmf/tex/latex/misc/float.sty
Package: float 1999/05/29 v1.2d Float enhancements (AL)
\c@float@type=\count87
\float@box=\box26
\@floatcapt=\box27
)
(/nfs/stak/a1/sharedapps/teTeX-1.0/share/texmf/tex/latex/base/ifthen.sty
Package: ifthen 1999/09/10 v1.1b Standard LaTeX ifthen package (DPC)
)
\c@algorithm=\count88
)
(algorithmic.sty
Package: algorithmic 

Document Style `algorithmic' - environment
(/nfs/stak/a1/sharedapps/teTeX-1.0/share/texmf/tex/latex/tools/calc.sty
Package: calc 1998/07/07 v4.1b Infix arithmetic (KKT,FJ)
\calc@Acount=\count89
\calc@Bcount=\count90
\calc@Adimen=\dimen103
\calc@Bdimen=\dimen104
\calc@Askip=\skip52
\calc@Bskip=\skip53
LaTeX Info: Redefining \setlength on input line 59.
LaTeX Info: Redefining \addtolength on input line 60.
\calc@denominator=\count91
)
\c@ALC@line=\count92
\c@ALC@rem=\count93
\ALC@tlm=\skip54
)
\titrun=\box28
\captionbox=\box29
\captionboxwid=\dimen105
)
(/nfs/stak/a1/sharedapps/teTeX-1.0/share/texmf/tex/plain/dvips/epsf.tex
This is `epsf.tex' v2.7k <10 July 1997>
\epsffilein=\read1
\epsfframemargin=\dimen106
\epsfframethickness=\dimen107
\epsfrsize=\dimen108
\epsftmp=\dimen109
\epsftsize=\dimen110
\epsfxsize=\dimen111
\epsfysize=\dimen112
\pspoints=\dimen113
\epsfnoopenhelp=\toks14
) (mlapa.sty
\bibhang=\skip55
\c@myfoo=\count94
) (submission_guidelines.aux)
\openout1 = `submission_guidelines.aux'.

LaTeX Font Info:    Checking defaults for OML/cmm/m/it on input line 36.
LaTeX Font Info:    ... okay on input line 36.
LaTeX Font Info:    Checking defaults for T1/cmr/m/n on input line 36.
LaTeX Font Info:    ... okay on input line 36.
LaTeX Font Info:    Checking defaults for OT1/cmr/m/n on input line 36.
LaTeX Font Info:    ... okay on input line 36.
LaTeX Font Info:    Checking defaults for OMS/cmsy/m/n on input line 36.
LaTeX Font Info:    ... okay on input line 36.
LaTeX Font Info:    Checking defaults for OMX/cmex/m/n on input line 36.
LaTeX Font Info:    ... okay on input line 36.
LaTeX Font Info:    Checking defaults for U/cmr/m/n on input line 36.
LaTeX Font Info:    ... okay on input line 36.

Overfull \hbox (5.1225pt too wide) in paragraph at lines 86--86
 [] 
 []

LaTeX Font Info:    External font `cmex10' loaded for size
(Font)              <7> on input line 105.
LaTeX Font Info:    External font `cmex10' loaded for size
(Font)              <5> on input line 105.
LaTeX Font Info:    Font shape `OT1/cmtt/bx/n' in size <10> not available
(Font)              Font shape `OT1/cmtt/m/n' tried instead on input line 107.

Underfull \vbox (badness 4582) has occurred while \output is active []

 [1



]
Underfull \hbox (badness 1102) in paragraph at lines 180--185
[]\OT1/cmr/m/n/10 Final ver-sions of pa-pers ac-cepted for pub-li-ca-tion
 []


Underfull \hbox (badness 2165) in paragraph at lines 186--195
\OT1/cmr/m/n/10 val-lis, OR, 2007. Copy-right 2007 by the au-
 []


Underfull \hbox (badness 2237) in paragraph at lines 186--195
\OT1/cmr/m/n/10 thor(s)/owner(s).'' For those us-ing the La-TeX
 []


Underfull \vbox (badness 7740) has occurred while \output is active []


Underfull \vbox (badness 10000) has occurred while \output is active []

 [2]
LaTeX Font Info:    External font `cmex10' loaded for size
(Font)              <9> on input line 312.
LaTeX Font Info:    External font `cmex10' loaded for size
(Font)              <6> on input line 312.

Underfull \vbox (badness 10000) has occurred while \output is active []


Underfull \vbox (badness 10000) has occurred while \output is active []

 [3]
Underfull \vbox (badness 10000) has occurred while \output is active []


(submission_guidelines.bbl
Underfull \vbox (badness 10000) has occurred while \output is active []

 [4])
[5

] (submission_guidelines.aux) ) 
Here is how much of TeX's memory you used:
 844 strings out of 10901
 9431 string characters out of 71901
 62752 words of memory out of 263001
 3804 multiletter control sequences out of 10000+0
 10820 words of font info for 39 fonts, out of 400000 for 1000
 14 hyphenation exceptions out of 1000
 30i,10n,45p,214b,736s stack positions out of 300i,100n,500p,50000b,4000s

Output written on submission_guidelines.dvi (5 pages, 25704 bytes).
