	Configure W32Time.
	Configure upnphost.
	Configure TrkWks.
	Configure SSDPSRV.
	Configure Spooler.
	Configure SENS.
	Configure seclogon.
	Configure secdrv.
	Configure Schedule.
	Configure SamSs.
	Configure RSVP.
	Configure RpcSs.
	Configure RemoteRegistry.
	Configure RasMan.
	Configure ProtectedStorage.
	Configure PolicyAgent.
	Configure PlugPlay.
	Configure NtmsSvc.
	Configure Nla.
	Configure Netlogon.
	Configure NetDDEdsdm.
	Configure NetDDE.
	Configure netbt.
	Configure Messenger.
	Configure LmHosts.
	Configure LanmanWorkstation.
	Configure LanmanServer.
	Configure Fax.
	Configure EventSystem.
	Configure Eventlog.
	Configure Dnscache.
	Configure dmserver.
	Configure Dhcp.
	Configure ClipSrv.
	Configure Browser.
	Configure AppMgmt.
